2023-10-26 19:32:22,260 [INFO] Activator:176 - 


2023-10-26 19:32:22,263 [INFO] Activator:177 - !SESSION log4j initialized
2023-10-26 19:32:24,656 [INFO] LogOutputStream:77 - [STDOUT_REDIRECT] 
2023-10-26 19:32:27,155 [INFO] ApplicationProperties:184 - Using Application install path: /opt/st/stm32cubeide_1.13.2/plugins/com.st.stm32cube.common.mx_6.9.2.202309101412
2023-10-26 19:32:27,171 [INFO] DbMcusXml:78 - Set database path to: /opt/st/stm32cubeide_1.13.2/plugins/com.st.stm32cube.common.mx_6.9.2.202309101412//db//mcu/
2023-10-26 19:32:27,171 [INFO] ApiDb:274 - Set plugin database path to: /opt/st/stm32cubeide_1.13.2/plugins/com.st.stm32cube.common.mx_6.9.2.202309101412//db//plugins/boardmanager/
2023-10-26 19:32:27,171 [WARN] ApiDb:259 - Overriding images path with different value:  => /opt/st/stm32cubeide_1.13.2/plugins/com.st.stm32cube.common.mx_6.9.2.202309101412//db//plugins/mcufinder/images/
2023-10-26 19:32:27,178 [INFO] ApiDb:250 - Set database path to: /home/adam/.stmcufinder/plugins/mcufinder//mcu/
2023-10-26 19:32:27,180 [INFO] DbMcusAds:125 - Set database path to: /home/adam/.stmcufinder/plugins/mcufinder//mcu/
2023-10-26 19:32:27,182 [INFO] CrossReferenceDbSqlite:203 - Set database path to: /home/adam/.stmcufinder/plugins/mcufinder//mcu/cs/
2023-10-26 19:32:27,325 [INFO] RulesReader:64 - Compatibility file has been processed (293 Rules)
2023-10-26 19:32:27,393 [INFO] DbMcusXml:78 - Set database path to: /opt/st/stm32cubeide_1.13.2/plugins/com.st.stm32cube.common.mx_6.9.2.202309101412//db//mcu/
2023-10-26 19:32:27,393 [INFO] ApiDb:274 - Set plugin database path to: /opt/st/stm32cubeide_1.13.2/plugins/com.st.stm32cube.common.mx_6.9.2.202309101412//db//plugins/boardmanager/
2023-10-26 19:32:27,393 [INFO] ApiDb:261 - Set plugin images path to: /opt/st/stm32cubeide_1.13.2/plugins/com.st.stm32cube.common.mx_6.9.2.202309101412//db//plugins/mcufinder/images/
2023-10-26 19:32:27,394 [WARN] DbFile:41 - Overriding database path with different value: /home/adam/.stmcufinder/plugins/mcufinder/ => /home/adam/.stmcufinder/plugins/mcufinder
2023-10-26 19:32:27,394 [INFO] ApiDb:250 - Set database path to: /home/adam/.stmcufinder/plugins/mcufinder//mcu/
2023-10-26 19:32:27,394 [WARN] DbFile:41 - Overriding database path with different value: /home/adam/.stmcufinder/plugins/mcufinder/ => /home/adam/.stmcufinder/plugins/mcufinder
2023-10-26 19:32:27,394 [INFO] DbMcusAds:125 - Set database path to: /home/adam/.stmcufinder/plugins/mcufinder//mcu/
2023-10-26 19:32:27,394 [WARN] DbFile:41 - Overriding database path with different value: /home/adam/.stmcufinder/plugins/mcufinder/ => /home/adam/.stmcufinder/plugins/mcufinder
2023-10-26 19:32:27,394 [WARN] DbFile:41 - Overriding database path with different value: /home/adam/.stmcufinder/plugins/mcufinder/ => /home/adam/.stmcufinder/plugins/mcufinder
2023-10-26 19:32:27,394 [INFO] CrossReferenceDbSqlite:203 - Set database path to: /home/adam/.stmcufinder/plugins/mcufinder//mcu/cs/
2023-10-26 19:32:27,450 [INFO] MainPanel:262 - HeapMemory: 268435456
2023-10-26 19:32:27,521 [INFO] DbMcusXml:78 - Set database path to: /opt/st/stm32cubeide_1.13.2/plugins/com.st.stm32cube.common.mx_6.9.2.202309101412//db//mcu/
2023-10-26 19:32:27,521 [INFO] ApiDb:274 - Set plugin database path to: /opt/st/stm32cubeide_1.13.2/plugins/com.st.stm32cube.common.mx_6.9.2.202309101412//db//plugins/boardmanager/
2023-10-26 19:32:27,521 [INFO] ApiDb:261 - Set plugin images path to: /opt/st/stm32cubeide_1.13.2/plugins/com.st.stm32cube.common.mx_6.9.2.202309101412//db//plugins/mcufinder/images/
2023-10-26 19:32:27,521 [WARN] DbFile:41 - Overriding database path with different value: /home/adam/.stmcufinder/plugins/mcufinder/ => /home/adam/.stmcufinder/plugins/mcufinder
2023-10-26 19:32:27,521 [INFO] ApiDb:250 - Set database path to: /home/adam/.stmcufinder/plugins/mcufinder//mcu/
2023-10-26 19:32:27,521 [WARN] DbFile:41 - Overriding database path with different value: /home/adam/.stmcufinder/plugins/mcufinder/ => /home/adam/.stmcufinder/plugins/mcufinder
2023-10-26 19:32:27,522 [INFO] DbMcusAds:125 - Set database path to: /home/adam/.stmcufinder/plugins/mcufinder//mcu/
2023-10-26 19:32:27,522 [WARN] DbFile:41 - Overriding database path with different value: /home/adam/.stmcufinder/plugins/mcufinder/ => /home/adam/.stmcufinder/plugins/mcufinder
2023-10-26 19:32:27,522 [WARN] DbFile:41 - Overriding database path with different value: /home/adam/.stmcufinder/plugins/mcufinder/ => /home/adam/.stmcufinder/plugins/mcufinder
2023-10-26 19:32:27,522 [INFO] CrossReferenceDbSqlite:203 - Set database path to: /home/adam/.stmcufinder/plugins/mcufinder//mcu/cs/
2023-10-26 19:32:27,537 [INFO] ApplicationProperties:184 - Using Application install path: /opt/st/stm32cubeide_1.13.2/plugins/com.st.stm32cube.common.mx_6.9.2.202309101412
2023-10-26 19:32:27,539 [INFO] PluginManage:196 - Search for loadable plugins [exclusion list=, ]
2023-10-26 19:32:27,540 [INFO] PluginManage:310 - Check plugin analytics
2023-10-26 19:32:27,682 [INFO] AnalyticsPlugin:253 - Accepted Software Licenses: 
2023-10-26 19:32:27,683 [INFO] AnalyticsPlugin:255 - Accepted CMSIS Pack Licenses: 
2023-10-26 19:32:27,683 [INFO] AnalyticsPlugin:257 - Accepted Firmware Licenses: FW.L4.1.18.0
2023-10-26 19:32:27,685 [INFO] PluginManage:359 - Loaded plugin analytics (category:tool,tabindex:-1)
2023-10-26 19:32:27,685 [INFO] PluginManage:310 - Check plugin cadmodel
2023-10-26 19:32:27,688 [INFO] CADModel:105 - Init CAD model plugin
2023-10-26 19:32:27,688 [INFO] PluginManage:359 - Loaded plugin cadmodel (category:power,tabindex:5)
2023-10-26 19:32:27,688 [INFO] PluginManage:310 - Check plugin clock
2023-10-26 19:32:27,695 [INFO] PluginManage:359 - Loaded plugin clock (category:base,tabindex:2)
2023-10-26 19:32:27,695 [INFO] PluginManage:310 - Check plugin ddr
2023-10-26 19:32:27,696 [INFO] PluginManage:359 - Loaded plugin ddr (category:tool,tabindex:6)
2023-10-26 19:32:27,697 [INFO] PluginManage:310 - Check plugin filemanager
2023-10-26 19:32:27,806 [INFO] PluginManage:359 - Loaded plugin filemanager (category:base,tabindex:10)
2023-10-26 19:32:27,806 [INFO] PluginManage:310 - Check plugin ipmanager
2023-10-26 19:32:27,811 [INFO] PluginManage:359 - Loaded plugin ipmanager (category:base,tabindex:5)
2023-10-26 19:32:27,811 [INFO] PluginManage:310 - Check plugin lpbam
2023-10-26 19:32:27,818 [INFO] PluginManage:359 - Loaded plugin lpbam (category:base,tabindex:0)
2023-10-26 19:32:27,818 [INFO] PluginManage:310 - Check plugin memorymap
2023-10-26 19:32:27,826 [INFO] PluginManage:359 - Loaded plugin memorymap (category:base,tabindex:4)
2023-10-26 19:32:27,826 [INFO] PluginManage:310 - Check plugin pinoutandconfiguration
2023-10-26 19:32:27,831 [INFO] PluginManage:359 - Loaded plugin pinoutandconfiguration (category:base,tabindex:1)
2023-10-26 19:32:27,832 [INFO] PluginManage:310 - Check plugin pinoutconfig
2023-10-26 19:32:27,900 [WARN] SupportedApi:132 - Cannot load RTOS API schema: s4s-elt-must-match.1: The content of 'definitions' must match (annotation?, (simpleType | complexType)?, (unique | key | keyref)*)). A problem was found starting at: attribute.
2023-10-26 19:32:28,009 [INFO] PluginManage:359 - Loaded plugin pinoutconfig (category:base,tabindex:0)
2023-10-26 19:32:28,009 [INFO] PluginManage:310 - Check plugin power
2023-10-26 19:32:28,015 [INFO] PluginManage:359 - Loaded plugin power (category:power,tabindex:4)
2023-10-26 19:32:28,015 [INFO] PluginManage:310 - Check plugin projectmanager
2023-10-26 19:32:28,028 [INFO] PluginManage:359 - Loaded plugin projectmanager (category:projectmanager,tabindex:3)
2023-10-26 19:32:28,028 [INFO] PluginManage:310 - Check plugin thirdparty
2023-10-26 19:32:28,128 [INFO] PluginManage:359 - Loaded plugin thirdparty (category:base,tabindex:-1)
2023-10-26 19:32:28,128 [WARN] IntegrityCheckThread:84 - waiting for thirdparty lock release [integrity check]
2023-10-26 19:32:28,129 [INFO] PluginManage:310 - Check plugin tools
2023-10-26 19:32:28,129 [INFO] IntegrityCheckThread:86 - entering critical section [integrity check]
2023-10-26 19:32:28,129 [INFO] ThirdPartyUpdaterWithRetryManager:70 - Updater plugin not ready yet. [1/15]
2023-10-26 19:32:28,130 [INFO] PluginManage:359 - Loaded plugin tools (category:base,tabindex:7)
2023-10-26 19:32:28,131 [INFO] PluginManage:310 - Check plugin tutovideos
2023-10-26 19:32:28,277 [INFO] PluginManage:359 - Loaded plugin tutovideos (category:base,tabindex:-1)
2023-10-26 19:32:28,277 [INFO] PluginManage:310 - Check plugin updater
2023-10-26 19:32:28,286 [INFO] PluginManage:359 - Loaded plugin updater (category:base,tabindex:12)
2023-10-26 19:32:28,287 [INFO] PluginManage:310 - Check plugin userauth
2023-10-26 19:32:28,291 [INFO] UserAuth:113 - Init User Auth plugin
2023-10-26 19:32:28,291 [INFO] PluginManage:359 - Loaded plugin userauth (category:base,tabindex:14)
2023-10-26 19:32:28,291 [INFO] PluginManage:283 - PluginManage : Loaded plugins [17]
2023-10-26 19:32:28,441 [INFO] PinOutPanel:1499 - setPackage(No Configuration,No Configuration)
2023-10-26 19:32:28,523 [INFO] CADModel:165 - CPN selected for project level
2023-10-26 19:32:28,523 [INFO] CADModel:114 - Register for checkConnection events
2023-10-26 19:32:28,534 [INFO] IPUIPlugin:80 - create IPUIPlugin
2023-10-26 19:32:28,536 [INFO] PluginManager:220 - loadIPPluginJar : add plateformsettings
2023-10-26 19:32:28,546 [INFO] IPUIPlugin:80 - create IPUIPlugin
2023-10-26 19:32:28,546 [INFO] PluginManager:220 - loadIPPluginJar : add stm32_wpan
2023-10-26 19:32:28,548 [INFO] IPUIPlugin:80 - create IPUIPlugin
2023-10-26 19:32:28,548 [INFO] PluginManager:220 - loadIPPluginJar : add cryp
2023-10-26 19:32:28,550 [INFO] IPUIPlugin:80 - create IPUIPlugin
2023-10-26 19:32:28,550 [INFO] PluginManager:220 - loadIPPluginJar : add fatfs
2023-10-26 19:32:28,555 [INFO] IPUIPlugin:80 - create IPUIPlugin
2023-10-26 19:32:28,555 [INFO] PluginManager:220 - loadIPPluginJar : add mdma
2023-10-26 19:32:28,562 [INFO] IPUIPlugin:80 - create IPUIPlugin
2023-10-26 19:32:28,562 [INFO] PluginManager:220 - loadIPPluginJar : add linkedlist
2023-10-26 19:32:28,563 [INFO] IPUIPlugin:80 - create IPUIPlugin
2023-10-26 19:32:28,564 [INFO] PluginManager:220 - loadIPPluginJar : add ucpd
2023-10-26 19:32:28,566 [INFO] IPUIPlugin:80 - create IPUIPlugin
2023-10-26 19:32:28,566 [INFO] PluginManager:220 - loadIPPluginJar : add usart
2023-10-26 19:32:28,568 [INFO] IPUIPlugin:80 - create IPUIPlugin
2023-10-26 19:32:28,568 [INFO] PluginManager:220 - loadIPPluginJar : add ts
2023-10-26 19:32:28,570 [INFO] IPUIPlugin:80 - create IPUIPlugin
2023-10-26 19:32:28,570 [INFO] PluginManager:220 - loadIPPluginJar : add openamp
2023-10-26 19:32:28,572 [INFO] IPUIPlugin:80 - create IPUIPlugin
2023-10-26 19:32:28,572 [INFO] PluginManager:220 - loadIPPluginJar : add dfsdm
2023-10-26 19:32:28,574 [INFO] IPUIPlugin:80 - create IPUIPlugin
2023-10-26 19:32:28,574 [INFO] PluginManager:220 - loadIPPluginJar : add nvic
2023-10-26 19:32:28,576 [INFO] IPUIPlugin:80 - create IPUIPlugin
2023-10-26 19:32:28,576 [INFO] PluginManager:220 - loadIPPluginJar : add comp
2023-10-26 19:32:28,578 [INFO] IPUIPlugin:80 - create IPUIPlugin
2023-10-26 19:32:28,578 [INFO] PluginManager:220 - loadIPPluginJar : add pdm2pcm
2023-10-26 19:32:28,580 [INFO] IPUIPlugin:80 - create IPUIPlugin
2023-10-26 19:32:28,580 [INFO] PluginManager:220 - loadIPPluginJar : add i2s
2023-10-26 19:32:28,582 [INFO] IPUIPlugin:80 - create IPUIPlugin
2023-10-26 19:32:28,582 [INFO] PluginManager:220 - loadIPPluginJar : add lorawan
2023-10-26 19:32:28,585 [INFO] IPUIPlugin:80 - create IPUIPlugin
2023-10-26 19:32:28,585 [INFO] PluginManager:220 - loadIPPluginJar : add i3c
2023-10-26 19:32:28,586 [INFO] IPUIPlugin:80 - create IPUIPlugin
2023-10-26 19:32:28,586 [INFO] PluginManager:220 - loadIPPluginJar : add gtzc
2023-10-26 19:32:28,588 [INFO] IPUIPlugin:80 - create IPUIPlugin
2023-10-26 19:32:28,589 [INFO] PluginManager:220 - loadIPPluginJar : add touchsensing
2023-10-26 19:32:28,594 [INFO] IPUIPlugin:80 - create IPUIPlugin
2023-10-26 19:32:28,594 [INFO] PluginManager:220 - loadIPPluginJar : add dma
2023-10-26 19:32:28,596 [INFO] IPUIPlugin:80 - create IPUIPlugin
2023-10-26 19:32:28,596 [INFO] PluginManager:220 - loadIPPluginJar : add spi
2023-10-26 19:32:28,599 [INFO] IPUIPlugin:80 - create IPUIPlugin
2023-10-26 19:32:28,599 [INFO] PluginManager:220 - loadIPPluginJar : add resmgrutility
2023-10-26 19:32:28,601 [INFO] IPUIPlugin:80 - create IPUIPlugin
2023-10-26 19:32:28,601 [INFO] PluginManager:220 - loadIPPluginJar : add tracer_emb
2023-10-26 19:32:28,603 [INFO] IPUIPlugin:80 - create IPUIPlugin
2023-10-26 19:32:28,603 [INFO] PluginManager:220 - loadIPPluginJar : add usbx
2023-10-26 19:32:28,605 [INFO] IPUIPlugin:80 - create IPUIPlugin
2023-10-26 19:32:28,605 [INFO] PluginManager:220 - loadIPPluginJar : add can
2023-10-26 19:32:28,606 [INFO] IPUIPlugin:80 - create IPUIPlugin
2023-10-26 19:32:28,607 [INFO] PluginManager:220 - loadIPPluginJar : add tim
2023-10-26 19:32:28,607 [INFO] IPUIPlugin:80 - create IPUIPlugin
2023-10-26 19:32:28,607 [INFO] PluginManager:220 - loadIPPluginJar : add genericplugin
2023-10-26 19:32:28,609 [INFO] IPUIPlugin:80 - create IPUIPlugin
2023-10-26 19:32:28,609 [INFO] PluginManager:220 - loadIPPluginJar : add sai
2023-10-26 19:32:28,612 [INFO] IPUIPlugin:80 - create IPUIPlugin
2023-10-26 19:32:28,613 [INFO] PluginManager:220 - loadIPPluginJar : add fmc
2023-10-26 19:32:28,614 [INFO] IPUIPlugin:80 - create IPUIPlugin
2023-10-26 19:32:28,614 [INFO] PluginManager:220 - loadIPPluginJar : add tsc
2023-10-26 19:32:28,619 [INFO] IPUIPlugin:80 - create IPUIPlugin
2023-10-26 19:32:28,619 [INFO] PluginManager:220 - loadIPPluginJar : add adc
2023-10-26 19:32:28,620 [INFO] IPUIPlugin:80 - create IPUIPlugin
2023-10-26 19:32:28,620 [INFO] PluginManager:220 - loadIPPluginJar : add ltdc
2023-10-26 19:32:28,622 [INFO] IPUIPlugin:80 - create IPUIPlugin
2023-10-26 19:32:28,622 [INFO] PluginManager:220 - loadIPPluginJar : add i2c
2023-10-26 19:32:28,625 [INFO] IPUIPlugin:80 - create IPUIPlugin
2023-10-26 19:32:28,626 [INFO] PluginManager:220 - loadIPPluginJar : add gic
2023-10-26 19:32:28,629 [INFO] IPUIPlugin:80 - create IPUIPlugin
2023-10-26 19:32:28,629 [INFO] PluginManager:220 - loadIPPluginJar : add gpio
2023-10-26 19:32:28,630 [INFO] IPUIPlugin:80 - create IPUIPlugin
2023-10-26 19:32:28,630 [INFO] PluginManager:220 - loadIPPluginJar : add gfxmmu
2023-10-26 19:32:28,631 [INFO] IPUIPlugin:80 - create IPUIPlugin
2023-10-26 19:32:28,631 [INFO] PluginManager:220 - loadIPPluginJar : add quadspi
2023-10-26 19:32:28,635 [INFO] IPUIPlugin:80 - create IPUIPlugin
2023-10-26 19:32:28,636 [INFO] PluginManager:220 - loadIPPluginJar : add freertos
2023-10-26 19:32:28,637 [INFO] IPUIPlugin:80 - create IPUIPlugin
2023-10-26 19:32:28,637 [INFO] PluginManager:220 - loadIPPluginJar : add aes
2023-10-26 19:32:28,638 [INFO] IPUIPlugin:80 - create IPUIPlugin
2023-10-26 19:32:28,638 [INFO] PluginManager:220 - loadIPPluginJar : add hash
2023-10-26 19:32:28,640 [INFO] IPUIPlugin:80 - create IPUIPlugin
2023-10-26 19:32:28,640 [INFO] PluginManager:220 - loadIPPluginJar : add ipddr
2023-10-26 19:32:28,642 [INFO] IPUIPlugin:80 - create IPUIPlugin
2023-10-26 19:32:28,642 [INFO] PluginManager:220 - loadIPPluginJar : add opamp
2023-10-26 19:32:28,643 [INFO] IPUIPlugin:80 - create IPUIPlugin
2023-10-26 19:32:28,643 [INFO] PluginManager:220 - loadIPPluginJar : add dma3
2023-10-26 19:32:28,740 [INFO] CADModel:165 - CPN selected for project level
2023-10-26 19:32:28,740 [INFO] CADModel:114 - Register for checkConnection events
2023-10-26 19:32:28,740 [FATAL] Updater:308 - Updater called before beeing initialized
2023-10-26 19:32:28,740 [ERROR] CADModel:125 - Updater not yet initialized, retry later 
2023-10-26 19:32:28,858 [INFO] CADModel:165 - CPN selected for project level
2023-10-26 19:32:28,859 [INFO] CADModel:114 - Register for checkConnection events
2023-10-26 19:32:28,859 [FATAL] Updater:308 - Updater called before beeing initialized
2023-10-26 19:32:28,859 [ERROR] CADModel:125 - Updater not yet initialized, retry later 
2023-10-26 19:32:28,862 [FATAL] Updater:308 - Updater called before beeing initialized
2023-10-26 19:32:28,929 [FATAL] Updater:308 - Updater called before beeing initialized
2023-10-26 19:32:28,934 [INFO] DbMcusAds:53 - JSON generation date=Thu Sep 30 08:55:09 CEST 2021 (1632984909247)
2023-10-26 19:32:28,934 [FATAL] Updater:308 - Updater called before beeing initialized
2023-10-26 19:32:28,963 [WARN] DetailPanel:346 - Failed to get advertising image, set to default
2023-10-26 19:32:29,061 [FATAL] Updater:308 - Updater called before beeing initialized
2023-10-26 19:32:29,062 [FATAL] Updater:308 - Updater called before beeing initialized
2023-10-26 19:32:29,062 [FATAL] Updater:308 - Updater called before beeing initialized
2023-10-26 19:32:29,062 [WARN] DetailPanel:346 - Failed to get advertising image, set to default
2023-10-26 19:32:29,063 [FATAL] Updater:308 - Updater called before beeing initialized
2023-10-26 19:32:29,088 [ERROR] Updater:1120 - MainUpdater not yet initialized. External WinMGr cannot be set.
2023-10-26 19:32:29,089 [INFO] Updater:1056 - Updater Version found : 6.9.2
2023-10-26 19:32:29,106 [INFO] ApplicationProperties:184 - Using Application install path: /opt/st/stm32cubeide_1.13.2/plugins/com.st.stm32cube.common.mx_6.9.2.202309101412
2023-10-26 19:32:29,326 [INFO] MainUpdater:2868 - connection check result : 10
2023-10-26 19:32:29,328 [INFO] MainUpdater:285 - Updater Check For Update Now.
2023-10-26 19:32:29,328 [INFO] MicroXplorer:498 - Change Database Version : DB.6.0.92
2023-10-26 19:32:29,336 [INFO] McuFinderGlobals:63 - Set McuFinder mode to 2 (CubeIDE integrated)
2023-10-26 19:32:29,336 [INFO] UserAuth:179 - activating auth plugin
2023-10-26 19:32:29,341 [INFO] UserAuth:393 - Internet connection configuration mode: 1
2023-10-26 19:32:29,359 [INFO] JxBrowserEngine:151 - Initiate JxBrowser Engine with user profile folder
2023-10-26 19:32:29,497 [INFO] CheckServerUpdateThread:120 - End of CheckServer Thread
2023-10-26 19:32:29,990 [INFO] WebApp:157 - Instantiating new browser for Auth
2023-10-26 19:32:30,434 [INFO] WebApp:753 - Register for checkConnection events
2023-10-26 19:32:30,434 [INFO] WebApp:390 - Apply proxy settings
2023-10-26 19:32:30,434 [INFO] WebApp:475 - Chromium requires no authentication
2023-10-26 19:32:30,439 [INFO] WebApp:418 - Direct internet connection detected
2023-10-26 19:32:30,547 [INFO] WebApp:188 - Starting web application
2023-10-26 19:32:30,548 [INFO] WebApp:520 - Web application path used /opt/st/stm32cubeide_1.13.2/plugins/com.st.stm32cube.common.mx_6.9.2.202309101412/db/plugins/mcufinder/reactClient1/index.html
2023-10-26 19:32:31,230 [WARN] PackLoader:240 - Cannot read IP mode file for STMicroelectronics.X-CUBE-SMBUS.2.1.0
2023-10-26 19:32:31,262 [WARN] PackLoader:240 - Cannot read IP mode file for STMicroelectronics.X-CUBE-AZRTOS-F7.1.1.0
2023-10-26 19:32:31,272 [ERROR] RealEvaluatedCondition:428 - Found unsupported composite condition: GROUP='STM32_MetaDataManager' CLASS='Data Exchange'
2023-10-26 19:32:31,272 [ERROR] RealEvaluatedCondition:428 - Found unsupported composite condition: CLASS='Data Exchange' GROUP='STM32_MetaDataManager'
2023-10-26 19:32:31,274 [WARN] PackLoader:240 - Cannot read IP mode file for STMicroelectronics.FP-SNS-MOTENV1.4.3.0
2023-10-26 19:32:31,284 [WARN] PackLoader:240 - Cannot read IP mode file for STMicroelectronics.FP-SNS-MOTENV1.4.3.2
2023-10-26 19:32:31,291 [WARN] PackLoader:240 - Cannot read IP mode file for STMicroelectronics.FP-SNS-FLIGHT1.5.0.0
2023-10-26 19:32:31,294 [ERROR] RealEvaluatedCondition:428 - Found unsupported composite condition: GROUP='STM32_MetaDataManager' CLASS='Data Exchange'
2023-10-26 19:32:31,295 [ERROR] RealEvaluatedCondition:428 - Found unsupported composite condition: GROUP='STM32_MetaDataManager' CLASS='Data Exchange'
2023-10-26 19:32:31,296 [WARN] PackLoader:240 - Cannot read IP mode file for STMicroelectronics.FP-SNS-MOTENV1.4.3.1
2023-10-26 19:32:31,303 [WARN] PackLoader:240 - Cannot read IP mode file for STMicroelectronics.FP-SNS-FLIGHT1.5.0.1
2023-10-26 19:32:31,309 [WARN] PackLoader:240 - Cannot read IP mode file for STMicroelectronics.X-CUBE-BLE1.6.2.4
2023-10-26 19:32:31,314 [WARN] PackLoader:240 - Cannot read IP mode file for STMicroelectronics.FP-SNS-FLIGHT1.5.0.2
2023-10-26 19:32:31,321 [WARN] PackLoader:240 - Cannot read IP mode file for STMicroelectronics.X-CUBE-DISPLAY.3.0.0
2023-10-26 19:32:31,330 [WARN] PackLoader:240 - Cannot read IP mode file for STMicroelectronics.X-CUBE-BLE1.7.0.0
2023-10-26 19:32:31,334 [WARN] PackLoader:240 - Cannot read IP mode file for STMicroelectronics.X-CUBE-TOUCHGFX.4.22.0
2023-10-26 19:32:31,336 [WARN] PackLoader:240 - Cannot read IP mode file for STMicroelectronics.X-CUBE-TOUCHGFX.4.22.1
2023-10-26 19:32:31,340 [WARN] PackLoader:240 - Cannot read IP mode file for STMicroelectronics.FP-SNS-SMARTAG2.1.2.0
2023-10-26 19:32:31,352 [INFO] LogOutputStream:77 - [STDOUT_REDIRECT] 1 : Invalid condition id : UX_CORESTACK_Condition cause : null
2023-10-26 19:32:31,353 [INFO] LogOutputStream:77 - [STDOUT_REDIRECT] 1 : Invalid condition id : UX_CORESTACK_Condition cause : null
2023-10-26 19:32:31,353 [INFO] LogOutputStream:77 - [STDOUT_REDIRECT] 1 : Invalid condition id : UX_CORESTACK_Condition cause : null
2023-10-26 19:32:31,353 [INFO] LogOutputStream:77 - [STDOUT_REDIRECT] 1 : Invalid condition id : UX_CORESTACK_Condition cause : null
2023-10-26 19:32:31,353 [INFO] LogOutputStream:77 - [STDOUT_REDIRECT] 1 : Invalid condition id : UX_CORESTACK_Condition cause : null
2023-10-26 19:32:31,358 [WARN] PackLoader:240 - Cannot read IP mode file for STMicroelectronics.X-CUBE-AZRTOS-WL.2.0.0
2023-10-26 19:32:31,368 [WARN] PackLoader:240 - Cannot read IP mode file for WES.I-CUBE-Cesium.1.3.0
2023-10-26 19:32:31,373 [WARN] PackLoader:240 - Cannot read IP mode file for STMicroelectronics.X-CUBE-BLE2.3.3.0
2023-10-26 19:32:31,385 [WARN] PackLoader:240 - Cannot read IP mode file for STMicroelectronics.X-CUBE-TOF1.3.2.0
2023-10-26 19:32:31,394 [WARN] PackLoader:240 - Cannot read IP mode file for STMicroelectronics.X-CUBE-TOUCHGFX.4.21.1
2023-10-26 19:32:31,397 [WARN] PackLoader:240 - Cannot read IP mode file for STMicroelectronics.X-CUBE-TOUCHGFX.4.21.4
2023-10-26 19:32:31,403 [WARN] PackLoader:240 - Cannot read IP mode file for STMicroelectronics.X-CUBE-ALGOBUILD.1.3.0
2023-10-26 19:32:31,421 [WARN] PackLoader:240 - Cannot read IP mode file for STMicroelectronics.X-CUBE-AZRTOS-G0.1.1.0
2023-10-26 19:32:31,429 [WARN] PackLoader:240 - Cannot read IP mode file for STMicroelectronics.X-CUBE-NFC4.3.0.0
2023-10-26 19:32:31,437 [WARN] PackLoader:240 - Cannot read IP mode file for STMicroelectronics.X-CUBE-BLEMGR.1.3.0
2023-10-26 19:32:31,442 [WARN] PackLoader:240 - Cannot read IP mode file for STMicroelectronics.FP-ATR-SIGFOX1.3.2.0
2023-10-26 19:32:31,481 [WARN] PackLoader:240 - Cannot read IP mode file for STMicroelectronics.X-CUBE-MEMS1.9.5.0
2023-10-26 19:32:31,698 [WARN] PackLoader:240 - Cannot read IP mode file for SEGGER.I-CUBE-embOS.1.3.1
2023-10-26 19:32:31,772 [WARN] PackLoader:240 - Cannot read IP mode file for STMicroelectronics.X-CUBE-GNSS1.6.0.0
2023-10-26 19:32:31,790 [WARN] PackLoader:240 - Cannot read IP mode file for STMicroelectronics.X-CUBE-AZRTOS-F4.1.1.0
2023-10-26 19:32:31,805 [WARN] PackLoader:240 - Cannot read IP mode file for STMicroelectronics.X-CUBE-AZRTOS-L5.2.0.0
2023-10-26 19:32:31,839 [WARN] PackLoader:240 - Cannot read IP mode file for STMicroelectronics.X-CUBE-MEMS1.9.6.0
2023-10-26 19:32:31,963 [WARN] PackLoader:240 - Cannot read IP mode file for STMicroelectronics.X-CUBE-EEPRMA1.4.2.0
2023-10-26 19:32:31,969 [WARN] PackLoader:240 - Cannot read IP mode file for ITTIA_DB.I-CUBE-ITTIADB.8.8.0
2023-10-26 19:32:31,975 [WARN] PackLoader:240 - Cannot read IP mode file for emotas.I-CUBE-CANOPEN.1.1.3
2023-10-26 19:32:31,983 [WARN] PackLoader:240 - Cannot read IP mode file for STMicroelectronics.X-CUBE-BLEMGR.2.0.0
2023-10-26 19:32:32,008 [WARN] ConditionMgr:438 - getConditionDescription Invalid condition id : UX DEVICE CLASS RTOS Condition cause : null
2023-10-26 19:32:32,008 [WARN] ConditionMgr:438 - getConditionDescription Invalid condition id : UX DEVICE CLASS RTOS Condition cause : null
2023-10-26 19:32:32,013 [WARN] PackLoader:240 - Cannot read IP mode file for STMicroelectronics.X-CUBE-AZRTOS-H7.3.1.0
2023-10-26 19:32:32,014 [WARN] ConditionMgr:1039 - genDependencies : Invalid condition id : UX DEVICE CLASS RTOS Condition cause : null
2023-10-26 19:32:32,014 [WARN] ConditionMgr:1039 - genDependencies : Invalid condition id : UX DEVICE CLASS RTOS Condition cause : null
2023-10-26 19:32:32,015 [WARN] ConditionMgr:1039 - genDependencies : Invalid condition id : UX DEVICE CLASS RTOS Condition cause : null
2023-10-26 19:32:32,016 [WARN] ConditionMgr:1039 - genDependencies : Invalid condition id : UX DEVICE CLASS RTOS Condition cause : null
2023-10-26 19:32:32,016 [WARN] ConditionMgr:1039 - genDependencies : Invalid condition id : UX DEVICE CLASS RTOS Condition cause : null
2023-10-26 19:32:32,021 [WARN] PackLoader:240 - Cannot read IP mode file for wolfSSL.I-CUBE-wolfSSL.5.5.4
2023-10-26 19:32:32,026 [WARN] PackLoader:240 - Cannot read IP mode file for STMicroelectronics.X-CUBE-NFC7.1.0.1
2023-10-26 19:32:32,032 [WARN] PackLoader:240 - Cannot read IP mode file for STMicroelectronics.X-CUBE-NFC7.1.0.0
2023-10-26 19:32:32,040 [WARN] PackLoader:240 - Cannot read IP mode file for STMicroelectronics.X-CUBE-NFC6.3.0.0
2023-10-26 19:32:32,047 [WARN] PackLoader:240 - Cannot read IP mode file for STMicroelectronics.X-CUBE-EEPRMA1.4.1.0
2023-10-26 19:32:32,052 [WARN] PackLoader:240 - Cannot read IP mode file for STMicroelectronics.X-CUBE-AI.8.1.0
2023-10-26 19:32:32,070 [WARN] ConditionMgr:438 - getConditionDescription Invalid condition id : LAN8742 Phy interface Condition cause : null
2023-10-26 19:32:32,071 [WARN] PackLoader:240 - Cannot read IP mode file for STMicroelectronics.X-CUBE-AZRTOS-L4.2.0.0
2023-10-26 19:32:32,073 [WARN] ConditionMgr:1039 - genDependencies : Invalid condition id : LAN8742 Phy interface Condition cause : null
2023-10-26 19:32:32,073 [WARN] ConditionMgr:1039 - genDependencies : Invalid condition id : LAN8742 Phy interface Condition cause : null
2023-10-26 19:32:32,074 [WARN] ConditionMgr:1039 - genDependencies : Invalid condition id : LAN8742 Phy interface Condition cause : null
2023-10-26 19:32:32,081 [WARN] PackLoader:240 - Cannot read IP mode file for STMicroelectronics.X-CUBE-SFXS2LP1.4.0.0
2023-10-26 19:32:32,102 [WARN] PackLoader:240 - Cannot read IP mode file for STMicroelectronics.X-CUBE-AZRTOS-H7.3.0.0
2023-10-26 19:32:32,109 [WARN] PackLoader:240 - Cannot read IP mode file for STMicroelectronics.X-CUBE-ISPU.1.1.0
2023-10-26 19:32:32,115 [WARN] PackLoader:240 - Cannot read IP mode file for RoweBots.I-CUBE-UNISONRTOS.5.5.0-4
2023-10-26 19:32:32,118 [WARN] PackLoader:240 - Cannot read IP mode file for STMicroelectronics.X-CUBE-AI.8.0.0
2023-10-26 19:32:32,130 [WARN] ConditionMgr:438 - getConditionDescription Invalid condition id : UX DEVICE CLASS RTOS Condition cause : null
2023-10-26 19:32:32,130 [WARN] ConditionMgr:438 - getConditionDescription Invalid condition id : UX DEVICE CLASS RTOS Condition cause : null
2023-10-26 19:32:32,133 [WARN] PackLoader:240 - Cannot read IP mode file for STMicroelectronics.X-CUBE-AZRTOS-WB.2.0.0
2023-10-26 19:32:32,134 [WARN] ConditionMgr:1039 - genDependencies : Invalid condition id : UX DEVICE CLASS RTOS Condition cause : null
2023-10-26 19:32:32,134 [WARN] ConditionMgr:1039 - genDependencies : Invalid condition id : UX DEVICE CLASS RTOS Condition cause : null
2023-10-26 19:32:32,134 [WARN] ConditionMgr:1039 - genDependencies : Invalid condition id : UX DEVICE CLASS RTOS Condition cause : null
2023-10-26 19:32:32,135 [WARN] ConditionMgr:1039 - genDependencies : Invalid condition id : UX DEVICE CLASS RTOS Condition cause : null
2023-10-26 19:32:32,135 [WARN] ConditionMgr:1039 - genDependencies : Invalid condition id : UX DEVICE CLASS RTOS Condition cause : null
2023-10-26 19:32:32,139 [WARN] PackLoader:240 - Cannot read IP mode file for STMicroelectronics.X-CUBE-FREERTOS.1.0.1
2023-10-26 19:32:32,152 [WARN] PackLoader:240 - Cannot read IP mode file for STMicroelectronics.X-CUBE-AZRTOS-L5.1.1.0
2023-10-26 19:32:32,157 [WARN] PackLoader:240 - Cannot read IP mode file for STMicroelectronics.X-CUBE-AI.8.0.1
2023-10-26 19:32:32,166 [WARN] PackLoader:240 - Cannot read IP mode file for STMicroelectronics.X-CUBE-SUBG2.5.0.0
2023-10-26 19:32:32,181 [WARN] PackLoader:240 - Cannot read IP mode file for STMicroelectronics.X-CUBE-TOF1.3.3.1
2023-10-26 19:32:32,203 [WARN] PackLoader:240 - Cannot read IP mode file for STMicroelectronics.X-CUBE-AZRTOS-G4.2.0.0
2023-10-26 19:32:32,214 [WARN] PackLoader:240 - Cannot read IP mode file for STMicroelectronics.X-CUBE-TOF1.3.3.0
2023-10-26 19:32:32,225 [WARN] PackLoader:240 - Cannot read IP mode file for STMicroelectronics.FP-ATR-ASTRA1.1.1.1
2023-10-26 19:32:32,236 [WARN] PackLoader:240 - Cannot read IP mode file for Infineon.AIROC-Wi-Fi-Bluetooth-STM32.1.5.1
2023-10-26 19:32:32,252 [WARN] PackLoader:240 - Cannot read IP mode file for STMicroelectronics.X-CUBE-AZRTOS-G4.1.0.0
2023-10-26 19:32:32,269 [WARN] PackLoader:240 - Cannot read IP mode file for STMicroelectronics.X-CUBE-AZRTOS-L4.1.0.0
2023-10-26 19:32:32,317 [WARN] PackLoader:240 - Cannot read IP mode file for STMicroelectronics.X-CUBE-MEMS1.10.0.0
2023-10-26 19:32:32,446 [WARN] PackLoader:240 - Cannot read IP mode file for STMicroelectronics.X-CUBE-FREERTOS.1.1.0
2023-10-26 19:32:32,456 [WARN] PackLoader:240 - Cannot read IP mode file for STMicroelectronics.X-CUBE-AZRTOS-WL.1.0.0
2023-10-26 19:32:32,462 [WARN] PackLoader:240 - Cannot read IP mode file for portGmbH.I-Cube-SoM-uGOAL.1.1.0
2023-10-26 19:32:32,466 [WARN] PackLoader:240 - Cannot read IP mode file for STMicroelectronics.X-CUBE-ALS.1.0.1
2023-10-26 19:32:32,478 [WARN] PackLoader:240 - Cannot read IP mode file for STMicroelectronics.X-CUBE-AZRTOS-WB.1.1.0
2023-10-26 19:32:32,482 [WARN] PackLoader:240 - Cannot read IP mode file for STMicroelectronics.FP-ATR-ASTRA1.2.0.0
2023-10-26 19:32:32,483 [INFO] ThirdParty:978 - Integrity check success = true
2023-10-26 19:32:32,483 [INFO] IntegrityCheckThread:100 - exiting critical section [integrity check]
2023-10-26 19:32:32,483 [INFO] IntegrityCheckThread:103 - End integrity checks thread
2023-10-26 19:32:43,630 [ERROR] LogOutputStream:75 - [STDERR_REDIRECT] 
