02-19 15:16:58 com_github_MitjaNemec_ReplicateLayout.action_replicate_layout 392:Plugin executed on: 'linux'
02-19 15:16:58 com_github_MitjaNemec_ReplicateLayout.action_replicate_layout 393:Plugin executed with python version: '3.10.12 (main, Nov 20 2023, 15:14:05) [GCC 11.4.0]'
02-19 15:16:58 com_github_MitjaNemec_ReplicateLayout.action_replicate_layout 394:KiCad build version: 7.0.10-7.0.10~ubuntu22.04.1
02-19 15:16:58 com_github_MitjaNemec_ReplicateLayout.action_replicate_layout 395:Plugin version: 2.1.3
02-19 15:16:58 com_github_MitjaNemec_ReplicateLayout.action_replicate_layout 396:Frame repr: <wx._core.Frame object at 0x7fc15f093e20>
02-19 15:16:58 com_github_MitjaNemec_ReplicateLayout.action_replicate_layout 420:Preparing replicator with U27 as a reference
02-19 15:16:58 com_github_MitjaNemec_ReplicateLayout.replicate_layout 117:getting a list of all footprints on board
02-19 15:16:58 com_github_MitjaNemec_ReplicateLayout.action_replicate_layout 468:source anchor footprint is 'U27'
Located on: ['Gearbox_Temp_sensor_1']
With filenames: ['suspension_potentiometer.kicad_sch']
With sheet_id:['Gearbox_Temp_sensor_1']
02-19 15:16:58 com_github_MitjaNemec_ReplicateLayout.action_replicate_layout 475:Corresponding footprints are 
[('U25', ['Suspension Potentiometer (Right)']), ('U29', ['Gearbox_Temp_sensor_2']), ('U23', ['Steering Position']), ('U27', ['Gearbox_Temp_sensor_1']), ('U16', ['Suspension Potentiometer (Left)']), ('U9', ['Brake Position'])]
02-19 15:16:58 com_github_MitjaNemec_ReplicateLayout.action_replicate_layout 487:Showing dialog
02-19 15:16:58 com_github_MitjaNemec_ReplicateLayout.replicate_layout 424:constructing a list of sheets suitable for replication on level:'Gearbox_Temp_sensor_1', file:'suspension_potentiometer.kicad_sch'
02-19 15:16:58 com_github_MitjaNemec_ReplicateLayout.replicate_layout 461:suitable sheets are:[['Brake Position'], ['Gearbox_Temp_sensor_2'], ['Steering Position'], ['Suspension Potentiometer (Left)'], ['Suspension Potentiometer (Right)']]
02-19 15:16:58 com_github_MitjaNemec_ReplicateLayout.replicate_layout 1464:Level selected: ['Gearbox_Temp_sensor_1']
02-19 15:16:58 com_github_MitjaNemec_ReplicateLayout.replicate_layout 1299:Filtering list of tracks
02-19 15:16:58 com_github_MitjaNemec_ReplicateLayout.action_replicate_layout 493:Toolbar position: wx.Point(1258, 1203)
02-19 15:16:58 com_github_MitjaNemec_ReplicateLayout.action_replicate_layout 498:Dialog position: wx.Point(819, 1203)
02-19 15:17:03 com_github_MitjaNemec_ReplicateLayout.replicate_layout 424:constructing a list of sheets suitable for replication on level:'Gearbox_Temp_sensor_1', file:'suspension_potentiometer.kicad_sch'
02-19 15:17:03 com_github_MitjaNemec_ReplicateLayout.replicate_layout 461:suitable sheets are:[['Brake Position'], ['Gearbox_Temp_sensor_2'], ['Steering Position'], ['Suspension Potentiometer (Left)'], ['Suspension Potentiometer (Right)']]
02-19 15:17:03 com_github_MitjaNemec_ReplicateLayout.action_replicate_layout 240:Replicating layout
02-19 15:17:03 com_github_MitjaNemec_ReplicateLayout.replicate_layout 240:Starting replication of sheets: [['Gearbox_Temp_sensor_2']]
on level: ['Gearbox_Temp_sensor_1']
with tracks=True, zone=True, text=True, text=True, intersecting=False, remove=False, locked footprints=False, group_only=False
02-19 15:17:03 root 332:updating GUI message: 'Preparing for replication'
02-19 15:17:04 com_github_MitjaNemec_ReplicateLayout.replicate_layout 310:Getting the list of source footprints
02-19 15:17:04 root 337:updating GUI with: 0
02-19 15:17:04 com_github_MitjaNemec_ReplicateLayout.replicate_layout 320:Getting the list of all the remaining footprints
02-19 15:17:04 com_github_MitjaNemec_ReplicateLayout.replicate_layout 327:Getting source tracks
02-19 15:17:04 com_github_MitjaNemec_ReplicateLayout.replicate_layout 1299:Filtering list of tracks
02-19 15:17:04 com_github_MitjaNemec_ReplicateLayout.replicate_layout 331:Getting source zones
02-19 15:17:04 root 337:updating GUI with: 50
02-19 15:17:04 com_github_MitjaNemec_ReplicateLayout.replicate_layout 335:Getting source text items
02-19 15:17:04 root 337:updating GUI with: 66
02-19 15:17:04 com_github_MitjaNemec_ReplicateLayout.replicate_layout 339:Getting source drawing items
02-19 15:17:04 root 332:updating GUI message: 'Replicating footprints'
02-19 15:17:04 com_github_MitjaNemec_ReplicateLayout.replicate_layout 806:Replicating footprints
02-19 15:17:04 com_github_MitjaNemec_ReplicateLayout.replicate_layout 813:Replicating footprints on sheet ['Gearbox_Temp_sensor_2']
02-19 15:17:04 root 332:updating GUI message: 'Replicating tracks'
02-19 15:17:04 com_github_MitjaNemec_ReplicateLayout.replicate_layout 977:Replicating tracks
02-19 15:17:04 com_github_MitjaNemec_ReplicateLayout.replicate_layout 983:Replicating tracks on sheet ['Gearbox_Temp_sensor_2']
02-19 15:17:04 com_github_MitjaNemec_ReplicateLayout.replicate_layout 766:Net pairs for sheet ['Gearbox_Temp_sensor_2'] :[('', ''), ('+5V', '+5V'), ('+3.3VA', '+3.3VA'), ('Net-(R90-Pad2)', 'Net-(R97-Pad2)'), ('GND', 'GND'), ('Net-(U27-FG)', 'Net-(U29-FG)'), ('/PT100_1', '/PT100_2'), ('/Gearbox_Temp_sensor_1/IN+', '/Gearbox_Temp_sensor_2/IN+'), ('Net-(U28-+)', 'Net-(U30-+)'), ('Net-(C62-Pad1)', 'Net-(C66-Pad1)'), ('/GearBox_Temp_1', '/GearBox_Temp_2')]
02-19 15:17:04 root 337:updating GUI with: 65
02-19 15:17:04 root 332:updating GUI message: 'Replicating zones'
02-19 15:17:04 com_github_MitjaNemec_ReplicateLayout.replicate_layout 1047:Replicating zones
02-19 15:17:04 com_github_MitjaNemec_ReplicateLayout.replicate_layout 1054:Replicating zones on sheet ['Gearbox_Temp_sensor_2']
02-19 15:17:04 com_github_MitjaNemec_ReplicateLayout.replicate_layout 766:Net pairs for sheet ['Gearbox_Temp_sensor_2'] :[('', ''), ('+5V', '+5V'), ('+3.3VA', '+3.3VA'), ('Net-(R90-Pad2)', 'Net-(R97-Pad2)'), ('GND', 'GND'), ('Net-(U27-FG)', 'Net-(U29-FG)'), ('/PT100_1', '/PT100_2'), ('/Gearbox_Temp_sensor_1/IN+', '/Gearbox_Temp_sensor_2/IN+'), ('Net-(U28-+)', 'Net-(U30-+)'), ('Net-(C62-Pad1)', 'Net-(C66-Pad1)'), ('/GearBox_Temp_1', '/GearBox_Temp_2')]
02-19 15:17:04 root 332:updating GUI message: 'Replicating text'
02-19 15:17:04 com_github_MitjaNemec_ReplicateLayout.replicate_layout 1136:Replicating text
02-19 15:17:04 com_github_MitjaNemec_ReplicateLayout.replicate_layout 1143:Replicating text on sheet ['Gearbox_Temp_sensor_2']
02-19 15:17:04 root 332:updating GUI message: 'Replicating drawings'
02-19 15:17:04 com_github_MitjaNemec_ReplicateLayout.replicate_layout 1187:Replicating drawings
02-19 15:17:04 com_github_MitjaNemec_ReplicateLayout.replicate_layout 1193:Replicating drawings on sheet ['Gearbox_Temp_sensor_2']
02-19 15:17:05 com_github_MitjaNemec_ReplicateLayout.action_replicate_layout 256:Replication complete
