2023-11-06 18:09:34,313 [INFO] Activator:176 - 


2023-11-06 18:09:34,318 [INFO] Activator:177 - !SESSION log4j initialized
2023-11-06 18:09:38,437 [INFO] LogOutputStream:77 - [STDOUT_REDIRECT] 
2023-11-06 18:09:40,602 [INFO] ApplicationProperties:184 - Using Application install path: /opt/st/stm32cubeide_1.13.2/plugins/com.st.stm32cube.common.mx_6.9.2.202309101412
2023-11-06 18:09:40,623 [INFO] DbMcusXml:78 - Set database path to: /opt/st/stm32cubeide_1.13.2/plugins/com.st.stm32cube.common.mx_6.9.2.202309101412//db//mcu/
2023-11-06 18:09:40,623 [INFO] ApiDb:274 - Set plugin database path to: /opt/st/stm32cubeide_1.13.2/plugins/com.st.stm32cube.common.mx_6.9.2.202309101412//db//plugins/boardmanager/
2023-11-06 18:09:40,624 [WARN] ApiDb:259 - Overriding images path with different value:  => /opt/st/stm32cubeide_1.13.2/plugins/com.st.stm32cube.common.mx_6.9.2.202309101412//db//plugins/mcufinder/images/
2023-11-06 18:09:40,635 [INFO] ApiDb:250 - Set database path to: /home/ketirange/.stmcufinder/plugins/mcufinder//mcu/
2023-11-06 18:09:40,636 [INFO] DbMcusAds:125 - Set database path to: /home/ketirange/.stmcufinder/plugins/mcufinder//mcu/
2023-11-06 18:09:40,639 [INFO] CrossReferenceDbSqlite:203 - Set database path to: /home/ketirange/.stmcufinder/plugins/mcufinder//mcu/cs/
2023-11-06 18:09:40,764 [INFO] RulesReader:64 - Compatibility file has been processed (293 Rules)
2023-11-06 18:09:40,839 [INFO] DbMcusXml:78 - Set database path to: /opt/st/stm32cubeide_1.13.2/plugins/com.st.stm32cube.common.mx_6.9.2.202309101412//db//mcu/
2023-11-06 18:09:40,839 [INFO] ApiDb:274 - Set plugin database path to: /opt/st/stm32cubeide_1.13.2/plugins/com.st.stm32cube.common.mx_6.9.2.202309101412//db//plugins/boardmanager/
2023-11-06 18:09:40,839 [INFO] ApiDb:261 - Set plugin images path to: /opt/st/stm32cubeide_1.13.2/plugins/com.st.stm32cube.common.mx_6.9.2.202309101412//db//plugins/mcufinder/images/
2023-11-06 18:09:40,840 [WARN] DbFile:41 - Overriding database path with different value: /home/ketirange/.stmcufinder/plugins/mcufinder/ => /home/ketirange/.stmcufinder/plugins/mcufinder
2023-11-06 18:09:40,840 [INFO] ApiDb:250 - Set database path to: /home/ketirange/.stmcufinder/plugins/mcufinder//mcu/
2023-11-06 18:09:40,840 [WARN] DbFile:41 - Overriding database path with different value: /home/ketirange/.stmcufinder/plugins/mcufinder/ => /home/ketirange/.stmcufinder/plugins/mcufinder
2023-11-06 18:09:40,840 [INFO] DbMcusAds:125 - Set database path to: /home/ketirange/.stmcufinder/plugins/mcufinder//mcu/
2023-11-06 18:09:40,840 [WARN] DbFile:41 - Overriding database path with different value: /home/ketirange/.stmcufinder/plugins/mcufinder/ => /home/ketirange/.stmcufinder/plugins/mcufinder
2023-11-06 18:09:40,840 [WARN] DbFile:41 - Overriding database path with different value: /home/ketirange/.stmcufinder/plugins/mcufinder/ => /home/ketirange/.stmcufinder/plugins/mcufinder
2023-11-06 18:09:40,840 [INFO] CrossReferenceDbSqlite:203 - Set database path to: /home/ketirange/.stmcufinder/plugins/mcufinder//mcu/cs/
2023-11-06 18:09:40,926 [INFO] MainPanel:262 - HeapMemory: 268435456
2023-11-06 18:09:41,039 [INFO] DbMcusXml:78 - Set database path to: /opt/st/stm32cubeide_1.13.2/plugins/com.st.stm32cube.common.mx_6.9.2.202309101412//db//mcu/
2023-11-06 18:09:41,039 [INFO] ApiDb:274 - Set plugin database path to: /opt/st/stm32cubeide_1.13.2/plugins/com.st.stm32cube.common.mx_6.9.2.202309101412//db//plugins/boardmanager/
2023-11-06 18:09:41,040 [INFO] ApiDb:261 - Set plugin images path to: /opt/st/stm32cubeide_1.13.2/plugins/com.st.stm32cube.common.mx_6.9.2.202309101412//db//plugins/mcufinder/images/
2023-11-06 18:09:41,040 [WARN] DbFile:41 - Overriding database path with different value: /home/ketirange/.stmcufinder/plugins/mcufinder/ => /home/ketirange/.stmcufinder/plugins/mcufinder
2023-11-06 18:09:41,040 [INFO] ApiDb:250 - Set database path to: /home/ketirange/.stmcufinder/plugins/mcufinder//mcu/
2023-11-06 18:09:41,040 [WARN] DbFile:41 - Overriding database path with different value: /home/ketirange/.stmcufinder/plugins/mcufinder/ => /home/ketirange/.stmcufinder/plugins/mcufinder
2023-11-06 18:09:41,041 [INFO] DbMcusAds:125 - Set database path to: /home/ketirange/.stmcufinder/plugins/mcufinder//mcu/
2023-11-06 18:09:41,041 [WARN] DbFile:41 - Overriding database path with different value: /home/ketirange/.stmcufinder/plugins/mcufinder/ => /home/ketirange/.stmcufinder/plugins/mcufinder
2023-11-06 18:09:41,041 [WARN] DbFile:41 - Overriding database path with different value: /home/ketirange/.stmcufinder/plugins/mcufinder/ => /home/ketirange/.stmcufinder/plugins/mcufinder
2023-11-06 18:09:41,041 [INFO] CrossReferenceDbSqlite:203 - Set database path to: /home/ketirange/.stmcufinder/plugins/mcufinder//mcu/cs/
2023-11-06 18:09:41,061 [INFO] ApplicationProperties:184 - Using Application install path: /opt/st/stm32cubeide_1.13.2/plugins/com.st.stm32cube.common.mx_6.9.2.202309101412
2023-11-06 18:09:41,062 [INFO] PluginManage:196 - Search for loadable plugins [exclusion list=, ]
2023-11-06 18:09:41,064 [INFO] PluginManage:310 - Check plugin analytics
2023-11-06 18:09:41,251 [INFO] AnalyticsPlugin:253 - Accepted Software Licenses: 
2023-11-06 18:09:41,252 [INFO] AnalyticsPlugin:255 - Accepted CMSIS Pack Licenses: 
2023-11-06 18:09:41,252 [INFO] AnalyticsPlugin:257 - Accepted Firmware Licenses: 
2023-11-06 18:09:41,256 [INFO] PluginManage:359 - Loaded plugin analytics (category:tool,tabindex:-1)
2023-11-06 18:09:41,256 [INFO] PluginManage:310 - Check plugin cadmodel
2023-11-06 18:09:41,264 [INFO] CADModel:105 - Init CAD model plugin
2023-11-06 18:09:41,264 [INFO] PluginManage:359 - Loaded plugin cadmodel (category:power,tabindex:5)
2023-11-06 18:09:41,264 [INFO] PluginManage:310 - Check plugin clock
2023-11-06 18:09:41,278 [INFO] PluginManage:359 - Loaded plugin clock (category:base,tabindex:2)
2023-11-06 18:09:41,278 [INFO] PluginManage:310 - Check plugin ddr
2023-11-06 18:09:41,281 [INFO] PluginManage:359 - Loaded plugin ddr (category:tool,tabindex:6)
2023-11-06 18:09:41,281 [INFO] PluginManage:310 - Check plugin filemanager
2023-11-06 18:09:41,454 [INFO] PluginManage:359 - Loaded plugin filemanager (category:base,tabindex:10)
2023-11-06 18:09:41,454 [INFO] PluginManage:310 - Check plugin ipmanager
2023-11-06 18:09:41,462 [INFO] PluginManage:359 - Loaded plugin ipmanager (category:base,tabindex:5)
2023-11-06 18:09:41,462 [INFO] PluginManage:310 - Check plugin lpbam
2023-11-06 18:09:41,474 [INFO] PluginManage:359 - Loaded plugin lpbam (category:base,tabindex:0)
2023-11-06 18:09:41,474 [INFO] PluginManage:310 - Check plugin memorymap
2023-11-06 18:09:41,488 [INFO] PluginManage:359 - Loaded plugin memorymap (category:base,tabindex:4)
2023-11-06 18:09:41,489 [INFO] PluginManage:310 - Check plugin pinoutandconfiguration
2023-11-06 18:09:41,498 [INFO] PluginManage:359 - Loaded plugin pinoutandconfiguration (category:base,tabindex:1)
2023-11-06 18:09:41,498 [INFO] PluginManage:310 - Check plugin pinoutconfig
2023-11-06 18:09:41,605 [WARN] SupportedApi:132 - Cannot load RTOS API schema: s4s-elt-must-match.1: The content of 'definitions' must match (annotation?, (simpleType | complexType)?, (unique | key | keyref)*)). A problem was found starting at: attribute.
2023-11-06 18:09:41,777 [INFO] PluginManage:359 - Loaded plugin pinoutconfig (category:base,tabindex:0)
2023-11-06 18:09:41,778 [INFO] PluginManage:310 - Check plugin power
2023-11-06 18:09:41,790 [INFO] PluginManage:359 - Loaded plugin power (category:power,tabindex:4)
2023-11-06 18:09:41,790 [INFO] PluginManage:310 - Check plugin projectmanager
2023-11-06 18:09:41,809 [INFO] PluginManage:359 - Loaded plugin projectmanager (category:projectmanager,tabindex:3)
2023-11-06 18:09:41,809 [INFO] PluginManage:310 - Check plugin thirdparty
2023-11-06 18:09:41,968 [WARN] IntegrityCheckThread:84 - waiting for thirdparty lock release [integrity check]
2023-11-06 18:09:41,968 [INFO] IntegrityCheckThread:86 - entering critical section [integrity check]
2023-11-06 18:09:41,968 [INFO] PluginManage:359 - Loaded plugin thirdparty (category:base,tabindex:-1)
2023-11-06 18:09:41,969 [INFO] PluginManage:310 - Check plugin tools
2023-11-06 18:09:41,969 [INFO] ThirdPartyUpdaterWithRetryManager:70 - Updater plugin not ready yet. [1/15]
2023-11-06 18:09:41,972 [INFO] PluginManage:359 - Loaded plugin tools (category:base,tabindex:7)
2023-11-06 18:09:41,973 [INFO] PluginManage:310 - Check plugin tutovideos
2023-11-06 18:09:42,165 [INFO] PluginManage:359 - Loaded plugin tutovideos (category:base,tabindex:-1)
2023-11-06 18:09:42,165 [INFO] PluginManage:310 - Check plugin updater
2023-11-06 18:09:42,178 [INFO] PluginManage:359 - Loaded plugin updater (category:base,tabindex:12)
2023-11-06 18:09:42,178 [INFO] PluginManage:310 - Check plugin userauth
2023-11-06 18:09:42,183 [INFO] UserAuth:113 - Init User Auth plugin
2023-11-06 18:09:42,183 [INFO] PluginManage:359 - Loaded plugin userauth (category:base,tabindex:14)
2023-11-06 18:09:42,184 [INFO] PluginManage:283 - PluginManage : Loaded plugins [17]
2023-11-06 18:09:42,316 [ERROR] ConfigurationRetriever:142 - IOException on connection: Read timed out
2023-11-06 18:09:42,399 [INFO] PinOutPanel:1499 - setPackage(No Configuration,No Configuration)
2023-11-06 18:09:42,502 [INFO] CADModel:165 - CPN selected for project level
2023-11-06 18:09:42,502 [INFO] CADModel:114 - Register for checkConnection events
2023-11-06 18:09:42,519 [INFO] IPUIPlugin:80 - create IPUIPlugin
2023-11-06 18:09:42,520 [INFO] PluginManager:220 - loadIPPluginJar : add i2c
2023-11-06 18:09:42,522 [INFO] IPUIPlugin:80 - create IPUIPlugin
2023-11-06 18:09:42,522 [INFO] PluginManager:220 - loadIPPluginJar : add spi
2023-11-06 18:09:42,525 [INFO] IPUIPlugin:80 - create IPUIPlugin
2023-11-06 18:09:42,525 [INFO] PluginManager:220 - loadIPPluginJar : add gfxmmu
2023-11-06 18:09:42,527 [INFO] IPUIPlugin:80 - create IPUIPlugin
2023-11-06 18:09:42,528 [INFO] PluginManager:220 - loadIPPluginJar : add dfsdm
2023-11-06 18:09:42,532 [INFO] IPUIPlugin:80 - create IPUIPlugin
2023-11-06 18:09:42,532 [INFO] PluginManager:220 - loadIPPluginJar : add hash
2023-11-06 18:09:42,534 [INFO] IPUIPlugin:80 - create IPUIPlugin
2023-11-06 18:09:42,534 [INFO] PluginManager:220 - loadIPPluginJar : add tsc
2023-11-06 18:09:42,542 [INFO] IPUIPlugin:80 - create IPUIPlugin
2023-11-06 18:09:42,542 [INFO] PluginManager:220 - loadIPPluginJar : add freertos
2023-11-06 18:09:42,545 [INFO] IPUIPlugin:80 - create IPUIPlugin
2023-11-06 18:09:42,545 [INFO] PluginManager:220 - loadIPPluginJar : add i3c
2023-11-06 18:09:42,553 [INFO] IPUIPlugin:80 - create IPUIPlugin
2023-11-06 18:09:42,553 [INFO] PluginManager:220 - loadIPPluginJar : add adc
2023-11-06 18:09:42,555 [INFO] IPUIPlugin:80 - create IPUIPlugin
2023-11-06 18:09:42,555 [INFO] PluginManager:220 - loadIPPluginJar : add cryp
2023-11-06 18:09:42,557 [INFO] IPUIPlugin:80 - create IPUIPlugin
2023-11-06 18:09:42,557 [INFO] PluginManager:220 - loadIPPluginJar : add tracer_emb
2023-11-06 18:09:42,561 [INFO] IPUIPlugin:80 - create IPUIPlugin
2023-11-06 18:09:42,562 [INFO] PluginManager:220 - loadIPPluginJar : add gpio
2023-11-06 18:09:42,567 [INFO] IPUIPlugin:80 - create IPUIPlugin
2023-11-06 18:09:42,568 [INFO] PluginManager:220 - loadIPPluginJar : add stm32_wpan
2023-11-06 18:09:42,570 [INFO] IPUIPlugin:80 - create IPUIPlugin
2023-11-06 18:09:42,570 [INFO] PluginManager:220 - loadIPPluginJar : add tim
2023-11-06 18:09:42,573 [INFO] IPUIPlugin:80 - create IPUIPlugin
2023-11-06 18:09:42,573 [INFO] PluginManager:220 - loadIPPluginJar : add touchsensing
2023-11-06 18:09:42,578 [INFO] IPUIPlugin:80 - create IPUIPlugin
2023-11-06 18:09:42,578 [INFO] PluginManager:220 - loadIPPluginJar : add gic
2023-11-06 18:09:42,583 [INFO] IPUIPlugin:80 - create IPUIPlugin
2023-11-06 18:09:42,583 [INFO] PluginManager:220 - loadIPPluginJar : add fmc
2023-11-06 18:09:42,585 [INFO] IPUIPlugin:80 - create IPUIPlugin
2023-11-06 18:09:42,585 [INFO] PluginManager:220 - loadIPPluginJar : add openamp
2023-11-06 18:09:42,587 [INFO] IPUIPlugin:80 - create IPUIPlugin
2023-11-06 18:09:42,587 [INFO] PluginManager:220 - loadIPPluginJar : add ltdc
2023-11-06 18:09:42,589 [INFO] IPUIPlugin:80 - create IPUIPlugin
2023-11-06 18:09:42,589 [INFO] PluginManager:220 - loadIPPluginJar : add i2s
2023-11-06 18:09:42,592 [INFO] IPUIPlugin:80 - create IPUIPlugin
2023-11-06 18:09:42,592 [INFO] PluginManager:220 - loadIPPluginJar : add nvic
2023-11-06 18:09:42,595 [INFO] IPUIPlugin:80 - create IPUIPlugin
2023-11-06 18:09:42,595 [INFO] PluginManager:220 - loadIPPluginJar : add aes
2023-11-06 18:09:42,601 [INFO] IPUIPlugin:80 - create IPUIPlugin
2023-11-06 18:09:42,601 [INFO] PluginManager:220 - loadIPPluginJar : add dma
2023-11-06 18:09:42,603 [INFO] IPUIPlugin:80 - create IPUIPlugin
2023-11-06 18:09:42,603 [INFO] PluginManager:220 - loadIPPluginJar : add comp
2023-11-06 18:09:42,604 [INFO] IPUIPlugin:80 - create IPUIPlugin
2023-11-06 18:09:42,605 [INFO] PluginManager:220 - loadIPPluginJar : add fatfs
2023-11-06 18:09:42,608 [INFO] IPUIPlugin:80 - create IPUIPlugin
2023-11-06 18:09:42,608 [INFO] PluginManager:220 - loadIPPluginJar : add sai
2023-11-06 18:09:42,611 [INFO] IPUIPlugin:80 - create IPUIPlugin
2023-11-06 18:09:42,611 [INFO] PluginManager:220 - loadIPPluginJar : add dma3
2023-11-06 18:09:42,612 [INFO] IPUIPlugin:80 - create IPUIPlugin
2023-11-06 18:09:42,613 [INFO] PluginManager:220 - loadIPPluginJar : add ts
2023-11-06 18:09:42,615 [INFO] IPUIPlugin:80 - create IPUIPlugin
2023-11-06 18:09:42,615 [INFO] PluginManager:220 - loadIPPluginJar : add quadspi
2023-11-06 18:09:42,617 [INFO] IPUIPlugin:80 - create IPUIPlugin
2023-11-06 18:09:42,617 [INFO] PluginManager:220 - loadIPPluginJar : add lorawan
2023-11-06 18:09:42,620 [INFO] IPUIPlugin:80 - create IPUIPlugin
2023-11-06 18:09:42,620 [INFO] PluginManager:220 - loadIPPluginJar : add ipddr
2023-11-06 18:09:42,622 [INFO] IPUIPlugin:80 - create IPUIPlugin
2023-11-06 18:09:42,622 [INFO] PluginManager:220 - loadIPPluginJar : add genericplugin
2023-11-06 18:09:42,624 [INFO] IPUIPlugin:80 - create IPUIPlugin
2023-11-06 18:09:42,624 [INFO] PluginManager:220 - loadIPPluginJar : add usart
2023-11-06 18:09:42,627 [INFO] IPUIPlugin:80 - create IPUIPlugin
2023-11-06 18:09:42,627 [INFO] PluginManager:220 - loadIPPluginJar : add opamp
2023-11-06 18:09:42,629 [INFO] IPUIPlugin:80 - create IPUIPlugin
2023-11-06 18:09:42,629 [INFO] PluginManager:220 - loadIPPluginJar : add ucpd
2023-11-06 18:09:42,635 [INFO] IPUIPlugin:80 - create IPUIPlugin
2023-11-06 18:09:42,635 [INFO] PluginManager:220 - loadIPPluginJar : add mdma
2023-11-06 18:09:42,637 [INFO] IPUIPlugin:80 - create IPUIPlugin
2023-11-06 18:09:42,637 [INFO] PluginManager:220 - loadIPPluginJar : add can
2023-11-06 18:09:42,640 [INFO] IPUIPlugin:80 - create IPUIPlugin
2023-11-06 18:09:42,640 [INFO] PluginManager:220 - loadIPPluginJar : add gtzc
2023-11-06 18:09:42,643 [INFO] IPUIPlugin:80 - create IPUIPlugin
2023-11-06 18:09:42,643 [INFO] PluginManager:220 - loadIPPluginJar : add usbx
2023-11-06 18:09:42,649 [INFO] IPUIPlugin:80 - create IPUIPlugin
2023-11-06 18:09:42,650 [INFO] PluginManager:220 - loadIPPluginJar : add linkedlist
2023-11-06 18:09:42,653 [INFO] IPUIPlugin:80 - create IPUIPlugin
2023-11-06 18:09:42,653 [INFO] PluginManager:220 - loadIPPluginJar : add resmgrutility
2023-11-06 18:09:42,656 [INFO] IPUIPlugin:80 - create IPUIPlugin
2023-11-06 18:09:42,656 [INFO] PluginManager:220 - loadIPPluginJar : add pdm2pcm
2023-11-06 18:09:42,662 [INFO] IPUIPlugin:80 - create IPUIPlugin
2023-11-06 18:09:42,665 [INFO] PluginManager:220 - loadIPPluginJar : add plateformsettings
2023-11-06 18:09:42,760 [INFO] CADModel:165 - CPN selected for project level
2023-11-06 18:09:42,760 [INFO] CADModel:114 - Register for checkConnection events
2023-11-06 18:09:42,761 [FATAL] Updater:308 - Updater called before beeing initialized
2023-11-06 18:09:42,761 [ERROR] CADModel:125 - Updater not yet initialized, retry later 
2023-11-06 18:09:42,873 [INFO] CADModel:165 - CPN selected for project level
2023-11-06 18:09:42,873 [INFO] CADModel:114 - Register for checkConnection events
2023-11-06 18:09:42,873 [FATAL] Updater:308 - Updater called before beeing initialized
2023-11-06 18:09:42,873 [ERROR] CADModel:125 - Updater not yet initialized, retry later 
2023-11-06 18:09:42,876 [FATAL] Updater:308 - Updater called before beeing initialized
2023-11-06 18:09:42,955 [FATAL] Updater:308 - Updater called before beeing initialized
2023-11-06 18:09:42,961 [INFO] DbMcusAds:53 - JSON generation date=Thu Sep 30 08:55:09 CEST 2021 (1632984909247)
2023-11-06 18:09:42,962 [FATAL] Updater:308 - Updater called before beeing initialized
2023-11-06 18:09:42,996 [WARN] DetailPanel:346 - Failed to get advertising image, set to default
2023-11-06 18:09:43,086 [FATAL] Updater:308 - Updater called before beeing initialized
2023-11-06 18:09:43,088 [FATAL] Updater:308 - Updater called before beeing initialized
2023-11-06 18:09:43,088 [FATAL] Updater:308 - Updater called before beeing initialized
2023-11-06 18:09:43,088 [WARN] DetailPanel:346 - Failed to get advertising image, set to default
2023-11-06 18:09:43,089 [FATAL] Updater:308 - Updater called before beeing initialized
2023-11-06 18:09:43,118 [ERROR] Updater:1120 - MainUpdater not yet initialized. External WinMGr cannot be set.
2023-11-06 18:09:43,120 [INFO] Updater:1056 - Updater Version found : 6.9.2
2023-11-06 18:09:43,140 [INFO] ApplicationProperties:184 - Using Application install path: /opt/st/stm32cubeide_1.13.2/plugins/com.st.stm32cube.common.mx_6.9.2.202309101412
2023-11-06 18:09:43,538 [INFO] MainUpdater:2868 - connection check result : 10
2023-11-06 18:09:43,538 [INFO] MainUpdater:3562 - Updater definition file requires update
2023-11-06 18:09:43,539 [INFO] MainUpdater:285 - Updater Check For Update Now.
2023-11-06 18:09:43,539 [INFO] MicroXplorer:498 - Change Database Version : DB.6.0.92
2023-11-06 18:09:43,545 [INFO] McuFinderGlobals:63 - Set McuFinder mode to 2 (CubeIDE integrated)
2023-11-06 18:09:43,546 [INFO] UserAuth:179 - activating auth plugin
2023-11-06 18:09:43,550 [INFO] UserAuth:393 - Internet connection configuration mode: 1
2023-11-06 18:09:43,565 [INFO] JxBrowserEngine:151 - Initiate JxBrowser Engine with user profile folder
2023-11-06 18:09:43,745 [INFO] ServerAccessManage:473 - Download File updaters.zip
2023-11-06 18:09:44,407 [INFO] FileExtend:240 - Unzip File : updaters.zip
2023-11-06 18:09:44,408 [INFO] FileExtend:255 - Standard Zip Deflate
2023-11-06 18:09:44,667 [INFO] ServerAccessManage:473 - Download File PacksControlFlags.xml
2023-11-06 18:09:44,687 [INFO] WebApp:157 - Instantiating new browser for Auth
2023-11-06 18:09:44,806 [INFO] ServerAccessManage:473 - Download File cubemx.pidx
2023-11-06 18:09:44,970 [WARN] MainUpdater:1189 - Updater busy. Cannot search thirdparties
2023-11-06 18:09:44,970 [INFO] ThirdPartyUpdaterWithRetryManager:96 - Updater plugin is busy. [1/15]
2023-11-06 18:09:45,363 [INFO] ServerAccessManage:473 - Download File STMicroelectronics.X-CUBE-BLEMGR.pdsc
2023-11-06 18:09:45,520 [INFO] WebApp:753 - Register for checkConnection events
2023-11-06 18:09:45,520 [INFO] WebApp:390 - Apply proxy settings
2023-11-06 18:09:45,520 [INFO] WebApp:475 - Chromium requires no authentication
2023-11-06 18:09:45,529 [INFO] WebApp:418 - Direct internet connection detected
2023-11-06 18:09:45,716 [INFO] WebApp:188 - Starting web application
2023-11-06 18:09:45,716 [INFO] WebApp:520 - Web application path used /opt/st/stm32cubeide_1.13.2/plugins/com.st.stm32cube.common.mx_6.9.2.202309101412/db/plugins/mcufinder/reactClient1/index.html
2023-11-06 18:09:46,286 [ERROR] LogOutputStream:75 - [STDERR_REDIRECT] Nov 06, 2023 6:09:46 PM org.glassfish.grizzly.http.server.NetworkListener start
2023-11-06 18:09:46,287 [ERROR] LogOutputStream:75 - [STDERR_REDIRECT] INFO: Started listener bound to [localhost:1596]
2023-11-06 18:09:46,287 [ERROR] LogOutputStream:75 - [STDERR_REDIRECT] 
2023-11-06 18:09:46,288 [ERROR] LogOutputStream:75 - [STDERR_REDIRECT] Nov 06, 2023 6:09:46 PM org.glassfish.grizzly.http.server.HttpServer start
2023-11-06 18:09:46,288 [ERROR] LogOutputStream:75 - [STDERR_REDIRECT] INFO: [HttpServer] Started.
2023-11-06 18:09:46,288 [ERROR] LogOutputStream:75 - [STDERR_REDIRECT] 
2023-11-06 18:09:46,637 [INFO] ServerAccessManage:473 - Download File STMicroelectronics.X-CUBE-EEPRMA1.pdsc
2023-11-06 18:09:47,214 [ERROR] ServerAccessManage:1089 - Problem, file not found on Server
2023-11-06 18:09:47,931 [INFO] ServerAccessManage:473 - Download File STMicroelectronics.X-CUBE-MEMS1.pdsc
2023-11-06 18:09:47,971 [WARN] MainUpdater:1189 - Updater busy. Cannot search thirdparties
2023-11-06 18:09:47,971 [INFO] ThirdPartyUpdaterWithRetryManager:96 - Updater plugin is busy. [2/15]
2023-11-06 18:09:50,972 [WARN] MainUpdater:1189 - Updater busy. Cannot search thirdparties
2023-11-06 18:09:50,972 [INFO] ThirdPartyUpdaterWithRetryManager:96 - Updater plugin is busy. [3/15]
2023-11-06 18:09:53,569 [ERROR] ServerAccessManage:1096 - Problem, Http access forbiden
2023-11-06 18:09:53,571 [ERROR] ServerAccessManage:651 - Problem, Http access forbiden : RoweBots.I-CUBE-UNISONRTOS.pdsc.
2023-11-06 18:09:53,808 [WARN] PackLoader:240 - Cannot read IP mode file for STMicroelectronics.X-CUBE-BLEMGR.3.0.0
2023-11-06 18:09:53,843 [WARN] PackLoader:240 - Cannot read IP mode file for STMicroelectronics.X-CUBE-EEPRMA1.4.2.0
2023-11-06 18:09:53,930 [INFO] CheckServerUpdateThread:120 - End of CheckServer Thread
2023-11-06 18:09:53,959 [WARN] PackLoader:240 - Cannot read IP mode file for STMicroelectronics.X-CUBE-MEMS1.10.0.0
2023-11-06 18:09:54,107 [WARN] PackLoader:240 - Cannot read IP mode file for STMicroelectronics.X-CUBE-SMBUS.2.1.0
2023-11-06 18:09:54,130 [WARN] PackLoader:240 - Cannot read IP mode file for STMicroelectronics.X-CUBE-AZRTOS-F7.1.1.0
2023-11-06 18:09:54,146 [WARN] PackLoader:240 - Cannot read IP mode file for STMicroelectronics.FP-SNS-MOTENV1.4.3.2
2023-11-06 18:09:54,161 [WARN] PackLoader:240 - Cannot read IP mode file for STMicroelectronics.FP-SNS-FLIGHT1.5.0.2
2023-11-06 18:09:54,171 [WARN] PackLoader:240 - Cannot read IP mode file for STMicroelectronics.X-CUBE-DISPLAY.3.0.0
2023-11-06 18:09:54,197 [WARN] PackLoader:240 - Cannot read IP mode file for STMicroelectronics.X-CUBE-BLE1.7.0.0
2023-11-06 18:09:54,206 [WARN] PackLoader:240 - Cannot read IP mode file for emotas.I-CUBE-CANOPEN.1.3.0
2023-11-06 18:09:54,214 [WARN] PackLoader:240 - Cannot read IP mode file for STMicroelectronics.X-CUBE-TOUCHGFX.4.22.0
2023-11-06 18:09:54,219 [WARN] PackLoader:240 - Cannot read IP mode file for STMicroelectronics.X-CUBE-TOUCHGFX.4.22.1
2023-11-06 18:09:54,228 [WARN] PackLoader:240 - Cannot read IP mode file for STMicroelectronics.FP-SNS-SMARTAG2.1.2.0
2023-11-06 18:09:54,251 [INFO] LogOutputStream:77 - [STDOUT_REDIRECT] 1 : Invalid condition id : UX_CORESTACK_Condition cause : null
2023-11-06 18:09:54,253 [INFO] LogOutputStream:77 - [STDOUT_REDIRECT] 1 : Invalid condition id : UX_CORESTACK_Condition cause : null
2023-11-06 18:09:54,255 [INFO] LogOutputStream:77 - [STDOUT_REDIRECT] 1 : Invalid condition id : UX_CORESTACK_Condition cause : null
2023-11-06 18:09:54,255 [INFO] LogOutputStream:77 - [STDOUT_REDIRECT] 1 : Invalid condition id : UX_CORESTACK_Condition cause : null
2023-11-06 18:09:54,256 [INFO] LogOutputStream:77 - [STDOUT_REDIRECT] 1 : Invalid condition id : UX_CORESTACK_Condition cause : null
2023-11-06 18:09:54,262 [INFO] PopulateThirdPartyThread:66 - Ending populate Thread
2023-11-06 18:09:54,263 [WARN] PackLoader:240 - Cannot read IP mode file for STMicroelectronics.X-CUBE-AZRTOS-WL.2.0.0
2023-11-06 18:09:54,268 [INFO] ThirdParty:1030 - CMSIS Pack Vendor :STMicroelectronics X-CUBE-MEMS1 10.0.0
2023-11-06 18:09:54,269 [INFO] ThirdParty:1030 - CMSIS Pack Vendor :STMicroelectronics X-CUBE-BLEMGR 3.0.0
2023-11-06 18:09:54,269 [INFO] ThirdParty:1030 - CMSIS Pack Vendor :STMicroelectronics X-CUBE-EEPRMA1 4.2.0
2023-11-06 18:09:54,269 [INFO] LoadServerUpdatesThread:373 - End of LoadServerUpdate Thread
2023-11-06 18:09:54,278 [WARN] PackLoader:240 - Cannot read IP mode file for WES.I-CUBE-Cesium.1.3.0
2023-11-06 18:09:54,288 [WARN] PackLoader:240 - Cannot read IP mode file for STMicroelectronics.X-CUBE-BLE2.3.3.0
2023-11-06 18:09:54,299 [WARN] PackLoader:240 - Cannot read IP mode file for STMicroelectronics.X-CUBE-ALGOBUILD.1.3.0
2023-11-06 18:09:54,332 [WARN] PackLoader:240 - Cannot read IP mode file for STMicroelectronics.X-CUBE-AZRTOS-G0.1.1.0
2023-11-06 18:09:54,343 [WARN] PackLoader:240 - Cannot read IP mode file for STMicroelectronics.X-CUBE-NFC4.3.0.0
2023-11-06 18:09:54,356 [WARN] PackLoader:240 - Cannot read IP mode file for STMicroelectronics.X-CUBE-BLEMGR.3.0.0
2023-11-06 18:09:54,365 [WARN] PackLoader:240 - Cannot read IP mode file for STMicroelectronics.FP-ATR-SIGFOX1.3.2.0
2023-11-06 18:09:54,409 [WARN] PackLoader:240 - Cannot read IP mode file for SEGGER.I-CUBE-embOS.1.3.1
2023-11-06 18:09:54,487 [WARN] PackLoader:240 - Cannot read IP mode file for STMicroelectronics.X-CUBE-GNSS1.6.0.0
2023-11-06 18:09:54,505 [WARN] PackLoader:240 - Cannot read IP mode file for STMicroelectronics.X-CUBE-AZRTOS-F4.1.1.0
2023-11-06 18:09:54,515 [WARN] PackLoader:240 - Cannot read IP mode file for wolfSSL.I-CUBE-wolfSSL.5.6.3
2023-11-06 18:09:54,532 [WARN] PackLoader:240 - Cannot read IP mode file for STMicroelectronics.X-CUBE-AZRTOS-L5.2.0.0
2023-11-06 18:09:54,588 [WARN] PackLoader:240 - Cannot read IP mode file for STMicroelectronics.X-CUBE-MEMS1.9.6.0
2023-11-06 18:09:54,909 [WARN] PackLoader:240 - Cannot read IP mode file for STMicroelectronics.X-CUBE-EEPRMA1.4.2.0
2023-11-06 18:09:54,929 [WARN] PackLoader:240 - Cannot read IP mode file for ITTIA_DB.I-CUBE-ITTIADB.8.8.0
2023-11-06 18:09:54,939 [WARN] PackLoader:240 - Cannot read IP mode file for STMicroelectronics.X-CUBE-BLEMGR.2.0.0
2023-11-06 18:09:54,970 [WARN] ConditionMgr:438 - getConditionDescription Invalid condition id : UX DEVICE CLASS RTOS Condition cause : null
2023-11-06 18:09:54,971 [WARN] ConditionMgr:438 - getConditionDescription Invalid condition id : UX DEVICE CLASS RTOS Condition cause : null
2023-11-06 18:09:54,977 [WARN] PackLoader:240 - Cannot read IP mode file for STMicroelectronics.X-CUBE-AZRTOS-H7.3.1.0
2023-11-06 18:09:54,998 [WARN] ConditionMgr:1039 - genDependencies : Invalid condition id : UX DEVICE CLASS RTOS Condition cause : null
2023-11-06 18:09:54,999 [WARN] ConditionMgr:1039 - genDependencies : Invalid condition id : UX DEVICE CLASS RTOS Condition cause : null
2023-11-06 18:09:55,001 [WARN] ConditionMgr:1039 - genDependencies : Invalid condition id : UX DEVICE CLASS RTOS Condition cause : null
2023-11-06 18:09:55,002 [WARN] ConditionMgr:1039 - genDependencies : Invalid condition id : UX DEVICE CLASS RTOS Condition cause : null
2023-11-06 18:09:55,002 [WARN] ConditionMgr:1039 - genDependencies : Invalid condition id : UX DEVICE CLASS RTOS Condition cause : null
2023-11-06 18:09:55,012 [WARN] PackLoader:240 - Cannot read IP mode file for STMicroelectronics.X-CUBE-NFC7.1.0.1
2023-11-06 18:09:55,026 [WARN] PackLoader:240 - Cannot read IP mode file for STMicroelectronics.X-CUBE-NFC6.3.0.0
2023-11-06 18:09:55,038 [WARN] PackLoader:240 - Cannot read IP mode file for STMicroelectronics.X-CUBE-EEPRMA1.4.1.0
2023-11-06 18:09:55,047 [WARN] PackLoader:240 - Cannot read IP mode file for STMicroelectronics.X-CUBE-AI.8.1.0
2023-11-06 18:09:55,097 [WARN] ConditionMgr:438 - getConditionDescription Invalid condition id : LAN8742 Phy interface Condition cause : null
2023-11-06 18:09:55,098 [WARN] PackLoader:240 - Cannot read IP mode file for STMicroelectronics.X-CUBE-AZRTOS-L4.2.0.0
2023-11-06 18:09:55,103 [WARN] ConditionMgr:1039 - genDependencies : Invalid condition id : LAN8742 Phy interface Condition cause : null
2023-11-06 18:09:55,104 [WARN] ConditionMgr:1039 - genDependencies : Invalid condition id : LAN8742 Phy interface Condition cause : null
2023-11-06 18:09:55,106 [WARN] ConditionMgr:1039 - genDependencies : Invalid condition id : LAN8742 Phy interface Condition cause : null
2023-11-06 18:09:55,119 [WARN] PackLoader:240 - Cannot read IP mode file for STMicroelectronics.X-CUBE-SFXS2LP1.4.0.0
2023-11-06 18:09:55,130 [WARN] PackLoader:240 - Cannot read IP mode file for STMicroelectronics.X-CUBE-ISPU.1.1.0
2023-11-06 18:09:55,151 [WARN] ConditionMgr:438 - getConditionDescription Invalid condition id : UX DEVICE CLASS RTOS Condition cause : null
2023-11-06 18:09:55,152 [WARN] ConditionMgr:438 - getConditionDescription Invalid condition id : UX DEVICE CLASS RTOS Condition cause : null
2023-11-06 18:09:55,156 [WARN] PackLoader:240 - Cannot read IP mode file for STMicroelectronics.X-CUBE-AZRTOS-WB.2.0.0
2023-11-06 18:09:55,158 [WARN] ConditionMgr:1039 - genDependencies : Invalid condition id : UX DEVICE CLASS RTOS Condition cause : null
2023-11-06 18:09:55,158 [WARN] ConditionMgr:1039 - genDependencies : Invalid condition id : UX DEVICE CLASS RTOS Condition cause : null
2023-11-06 18:09:55,160 [WARN] ConditionMgr:1039 - genDependencies : Invalid condition id : UX DEVICE CLASS RTOS Condition cause : null
2023-11-06 18:09:55,160 [WARN] ConditionMgr:1039 - genDependencies : Invalid condition id : UX DEVICE CLASS RTOS Condition cause : null
2023-11-06 18:09:55,161 [WARN] ConditionMgr:1039 - genDependencies : Invalid condition id : UX DEVICE CLASS RTOS Condition cause : null
2023-11-06 18:09:55,177 [WARN] PackLoader:240 - Cannot read IP mode file for STMicroelectronics.X-CUBE-SUBG2.5.0.0
2023-11-06 18:09:55,202 [WARN] PackLoader:240 - Cannot read IP mode file for STMicroelectronics.X-CUBE-TOF1.3.3.1
2023-11-06 18:09:55,234 [WARN] PackLoader:240 - Cannot read IP mode file for STMicroelectronics.X-CUBE-AZRTOS-G4.2.0.0
2023-11-06 18:09:55,250 [WARN] PackLoader:240 - Cannot read IP mode file for Infineon.AIROC-Wi-Fi-Bluetooth-STM32.1.5.1
2023-11-06 18:09:55,295 [WARN] PackLoader:240 - Cannot read IP mode file for STMicroelectronics.X-CUBE-MEMS1.10.0.0
2023-11-06 18:09:55,490 [WARN] PackLoader:240 - Cannot read IP mode file for STMicroelectronics.X-CUBE-FREERTOS.1.1.0
2023-11-06 18:09:55,496 [WARN] PackLoader:240 - Cannot read IP mode file for portGmbH.I-Cube-SoM-uGOAL.1.1.0
2023-11-06 18:09:55,501 [WARN] PackLoader:240 - Cannot read IP mode file for STMicroelectronics.X-CUBE-ALS.1.0.1
2023-11-06 18:09:55,506 [WARN] PackLoader:240 - Cannot read IP mode file for STMicroelectronics.FP-ATR-ASTRA1.2.0.0
2023-11-06 18:09:55,507 [INFO] ThirdParty:978 - Integrity check success = true
2023-11-06 18:09:55,507 [INFO] IntegrityCheckThread:100 - exiting critical section [integrity check]
2023-11-06 18:09:55,507 [INFO] IntegrityCheckThread:103 - End integrity checks thread
2023-11-06 18:10:55,190 [INFO] McuFinderGlobals:63 - Set McuFinder mode to 2 (CubeIDE integrated)
2023-11-06 18:10:55,198 [INFO] MainUpdater:2868 - connection check result : 10
2023-11-06 18:10:55,200 [INFO] MainUpdater:2868 - connection check result : 10
2023-11-06 18:10:55,258 [INFO] MicroXplorer:468 - Change Database Path : 
2023-11-06 18:10:55,259 [INFO] MicroXplorer:498 - Change Database Version : DB.6.0.92
2023-11-06 18:10:55,264 [WARN] ThirdParty:871 - waiting for thirdparty lock release [close project]
2023-11-06 18:10:55,265 [INFO] ThirdParty:873 - entering critical section [close project]
2023-11-06 18:10:55,267 [INFO] ThirdParty:883 - exiting critical section [close project]
2023-11-06 18:10:55,271 [INFO] PinOutPanel:1499 - setPackage(No Configuration,No Configuration)
2023-11-06 18:10:55,283 [INFO] UtilMem:75 - Begin LoadConfig() Used Memory: 527430696 Bytes (657457152)
2023-11-06 18:10:55,285 [INFO] MicroXplorer:468 - Change Database Path : 
2023-11-06 18:10:55,285 [INFO] MicroXplorer:498 - Change Database Version : DB.6.0.92
2023-11-06 18:10:55,286 [INFO] OpenFileManager:308 - Change cursor
2023-11-06 18:10:55,335 [INFO] Mcu:1946 - Initializing MCU STM32G473R(B-C-E)Tx STM32G473RCTx STM32G473RCT6
2023-11-06 18:11:00,715 [INFO] Context:659 - Trying to add GPIOservice into a context  which must be forbidden
2023-11-06 18:11:02,780 [INFO] RtosManager:555 - Registered RTOS mode: class=CMSIS, group=RTOS, mode=CMSIS_V1, owner=FREERTOS
2023-11-06 18:11:02,780 [INFO] RtosManager:555 - Registered RTOS mode: class=CMSIS, group=RTOS2, mode=CMSIS_V2, owner=FREERTOS
2023-11-06 18:11:02,781 [INFO] RtosManager:555 - Registered RTOS mode: class=RTOS, group=Core, mode=CMSIS_V1, owner=FREERTOS
2023-11-06 18:11:02,781 [INFO] RtosManager:555 - Registered RTOS mode: class=RTOS, group=Core, mode=CMSIS_V2, owner=FREERTOS
2023-11-06 18:11:02,781 [WARN] ModelIntegratedComponent:184 - Missing modes for component STMicroelectronics:FreeRTOS:0.0.1:STMicroelectronics:RTOS:FreeRTOS:Core:::10.2.0:
2023-11-06 18:11:02,813 [WARN] ModelIntegratedComponent:63 - No mode defined for component null
2023-11-06 18:11:02,813 [WARN] ModelIntegratedComponent:63 - No mode defined for component null
2023-11-06 18:11:02,813 [WARN] ModelIntegratedComponent:63 - No mode defined for component null
2023-11-06 18:11:02,813 [WARN] ModelIntegratedComponent:63 - No mode defined for component null
2023-11-06 18:11:02,813 [WARN] ModelIntegratedComponent:63 - No mode defined for component null
2023-11-06 18:11:02,813 [WARN] ModelIntegratedComponent:63 - No mode defined for component null
2023-11-06 18:11:02,813 [WARN] ModelIntegratedComponent:63 - No mode defined for component null
2023-11-06 18:11:02,814 [WARN] ModelIntegratedComponent:63 - No mode defined for component null
2023-11-06 18:11:02,814 [WARN] ModelIntegratedComponent:63 - No mode defined for component null
2023-11-06 18:11:02,814 [WARN] ModelIntegratedComponent:63 - No mode defined for component null
2023-11-06 18:11:02,814 [WARN] ModelIntegratedComponent:63 - No mode defined for component null
2023-11-06 18:11:02,814 [WARN] ModelIntegratedComponent:63 - No mode defined for component null
2023-11-06 18:11:02,814 [WARN] ModelIntegratedComponent:63 - No mode defined for component null
2023-11-06 18:11:02,814 [WARN] ModelIntegratedComponent:63 - No mode defined for component null
2023-11-06 18:11:02,814 [WARN] ModelIntegratedComponent:63 - No mode defined for component null
2023-11-06 18:11:02,814 [WARN] ModelIntegratedComponent:63 - No mode defined for component null
2023-11-06 18:11:02,814 [WARN] ModelIntegratedComponent:63 - No mode defined for component null
2023-11-06 18:11:02,814 [WARN] ModelIntegratedComponent:63 - No mode defined for component null
2023-11-06 18:11:02,814 [WARN] ModelIntegratedComponent:63 - No mode defined for component null
2023-11-06 18:11:02,814 [WARN] ModelIntegratedComponent:63 - No mode defined for component null
2023-11-06 18:11:02,814 [WARN] ModelIntegratedComponent:63 - No mode defined for component null
2023-11-06 18:11:02,814 [WARN] ModelIntegratedComponent:63 - No mode defined for component null
2023-11-06 18:11:02,814 [WARN] ModelIntegratedComponent:63 - No mode defined for component null
2023-11-06 18:11:02,814 [WARN] ModelIntegratedComponent:63 - No mode defined for component null
2023-11-06 18:11:02,814 [WARN] ModelIntegratedComponent:63 - No mode defined for component null
2023-11-06 18:11:02,814 [WARN] ModelIntegratedComponent:63 - No mode defined for component null
2023-11-06 18:11:02,814 [WARN] ModelIntegratedComponent:63 - No mode defined for component null
2023-11-06 18:11:02,814 [WARN] ModelIntegratedComponent:63 - No mode defined for component null
2023-11-06 18:11:02,815 [WARN] ModelIntegratedComponent:63 - No mode defined for component null
2023-11-06 18:11:02,815 [WARN] ModelIntegratedComponent:63 - No mode defined for component null
2023-11-06 18:11:02,815 [WARN] ModelIntegratedComponent:63 - No mode defined for component null
2023-11-06 18:11:02,815 [WARN] ModelIntegratedComponent:63 - No mode defined for component null
2023-11-06 18:11:02,815 [WARN] ModelIntegratedComponent:63 - No mode defined for component null
2023-11-06 18:11:02,956 [INFO] ThirdPartyModel:298 - Start build external matchings
2023-11-06 18:11:03,465 [INFO] ThirdPartyModel:316 - End build external matchings
2023-11-06 18:11:03,503 [INFO] ImportTextPane:194 - (OptionalMessage_ERROR) IP (ADC1) : Parameter (CommonPathInternal) has invalid value (null|null|null|null)
2023-11-06 18:11:03,505 [INFO] ImportTextPane:194 - (OptionalMessage_ERROR) IP (ADC2) : Parameter (CommonPathInternal) has invalid value (null|null|null|null)
2023-11-06 18:11:03,507 [INFO] ImportTextPane:194 - (OptionalMessage_ERROR) IP (DMA) : Parameter (Instance) has Id (ADC2) currently not set
2023-11-06 18:11:03,507 [INFO] ImportTextPane:194 - (OptionalMessage_ERROR) IP (DMA) : Parameter (Request) has Id (ADC2) currently not set
2023-11-06 18:11:03,507 [INFO] ImportTextPane:194 - (OptionalMessage_ERROR) IP (DMA) : Parameter (Direction) has Id (ADC2) currently not set
2023-11-06 18:11:03,508 [INFO] ImportTextPane:194 - (OptionalMessage_ERROR) IP (DMA) : Parameter (PeriphInc) has Id (ADC2) currently not set
2023-11-06 18:11:03,508 [INFO] ImportTextPane:194 - (OptionalMessage_ERROR) IP (DMA) : Parameter (MemInc) has Id (ADC2) currently not set
2023-11-06 18:11:03,508 [INFO] ImportTextPane:194 - (OptionalMessage_ERROR) IP (DMA) : Parameter (PeriphDataAlignment) has Id (ADC2) currently not set
2023-11-06 18:11:03,509 [INFO] ImportTextPane:194 - (OptionalMessage_ERROR) IP (DMA) : Parameter (MemDataAlignment) has Id (ADC2) currently not set
2023-11-06 18:11:03,509 [INFO] ImportTextPane:194 - (OptionalMessage_ERROR) IP (DMA) : Parameter (Mode) has Id (ADC2) currently not set
2023-11-06 18:11:03,510 [INFO] ImportTextPane:194 - (OptionalMessage_ERROR) IP (DMA) : Parameter (Priority) has Id (ADC2) currently not set
2023-11-06 18:11:03,510 [INFO] ImportTextPane:194 - (OptionalMessage_ERROR) IP (DMA) : Parameter (SignalID) has Id (ADC2) currently not set
2023-11-06 18:11:03,510 [INFO] ImportTextPane:194 - (OptionalMessage_ERROR) IP (DMA) : Parameter (Polarity) has Id (ADC2) currently not set
2023-11-06 18:11:03,510 [INFO] ImportTextPane:194 - (OptionalMessage_ERROR) IP (DMA) : Parameter (RequestNumber) has Id (ADC2) currently not set
2023-11-06 18:11:03,510 [INFO] ImportTextPane:194 - (OptionalMessage_ERROR) IP (DMA) : Parameter (SyncSignalID) has Id (ADC2) currently not set
2023-11-06 18:11:03,510 [INFO] ImportTextPane:194 - (OptionalMessage_ERROR) IP (DMA) : Parameter (SyncPolarity) has Id (ADC2) currently not set
2023-11-06 18:11:03,510 [INFO] ImportTextPane:194 - (OptionalMessage_ERROR) IP (DMA) : Parameter (SyncEnable) has Id (ADC2) currently not set
2023-11-06 18:11:03,510 [INFO] ImportTextPane:194 - (OptionalMessage_ERROR) IP (DMA) : Parameter (EventEnable) has Id (ADC2) currently not set
2023-11-06 18:11:03,510 [INFO] ImportTextPane:194 - (OptionalMessage_ERROR) IP (DMA) : Parameter (SyncRequestNumber) has Id (ADC2) currently not set
2023-11-06 18:11:03,510 [INFO] ImportTextPane:194 - (OptionalMessage_ERROR) IP (DMA) : Parameter (Instance) has Id (ADC1) currently not set
2023-11-06 18:11:03,510 [INFO] ImportTextPane:194 - (OptionalMessage_ERROR) IP (DMA) : Parameter (Request) has Id (ADC1) currently not set
2023-11-06 18:11:03,510 [INFO] ImportTextPane:194 - (OptionalMessage_ERROR) IP (DMA) : Parameter (Direction) has Id (ADC1) currently not set
2023-11-06 18:11:03,510 [INFO] ImportTextPane:194 - (OptionalMessage_ERROR) IP (DMA) : Parameter (PeriphInc) has Id (ADC1) currently not set
2023-11-06 18:11:03,510 [INFO] ImportTextPane:194 - (OptionalMessage_ERROR) IP (DMA) : Parameter (MemInc) has Id (ADC1) currently not set
2023-11-06 18:11:03,510 [INFO] ImportTextPane:194 - (OptionalMessage_ERROR) IP (DMA) : Parameter (PeriphDataAlignment) has Id (ADC1) currently not set
2023-11-06 18:11:03,510 [INFO] ImportTextPane:194 - (OptionalMessage_ERROR) IP (DMA) : Parameter (MemDataAlignment) has Id (ADC1) currently not set
2023-11-06 18:11:03,511 [INFO] ImportTextPane:194 - (OptionalMessage_ERROR) IP (DMA) : Parameter (Mode) has Id (ADC1) currently not set
2023-11-06 18:11:03,511 [INFO] ImportTextPane:194 - (OptionalMessage_ERROR) IP (DMA) : Parameter (Priority) has Id (ADC1) currently not set
2023-11-06 18:11:03,511 [INFO] ImportTextPane:194 - (OptionalMessage_ERROR) IP (DMA) : Parameter (SignalID) has Id (ADC1) currently not set
2023-11-06 18:11:03,511 [INFO] ImportTextPane:194 - (OptionalMessage_ERROR) IP (DMA) : Parameter (Polarity) has Id (ADC1) currently not set
2023-11-06 18:11:03,511 [INFO] ImportTextPane:194 - (OptionalMessage_ERROR) IP (DMA) : Parameter (RequestNumber) has Id (ADC1) currently not set
2023-11-06 18:11:03,511 [INFO] ImportTextPane:194 - (OptionalMessage_ERROR) IP (DMA) : Parameter (SyncSignalID) has Id (ADC1) currently not set
2023-11-06 18:11:03,511 [INFO] ImportTextPane:194 - (OptionalMessage_ERROR) IP (DMA) : Parameter (SyncPolarity) has Id (ADC1) currently not set
2023-11-06 18:11:03,511 [INFO] ImportTextPane:194 - (OptionalMessage_ERROR) IP (DMA) : Parameter (SyncEnable) has Id (ADC1) currently not set
2023-11-06 18:11:03,511 [INFO] ImportTextPane:194 - (OptionalMessage_ERROR) IP (DMA) : Parameter (EventEnable) has Id (ADC1) currently not set
2023-11-06 18:11:03,511 [INFO] ImportTextPane:194 - (OptionalMessage_ERROR) IP (DMA) : Parameter (SyncRequestNumber) has Id (ADC1) currently not set
2023-11-06 18:11:03,512 [WARN] IP:2114 - MessageRAMOffset not found: check if there is a RefParameter without a condition.
2023-11-06 18:11:03,513 [WARN] IP:2114 - RxFifo0ElmtsNbr not found: check if there is a RefParameter without a condition.
2023-11-06 18:11:03,514 [WARN] IP:2114 - RxFifo0ElmtSize not found: check if there is a RefParameter without a condition.
2023-11-06 18:11:03,514 [WARN] IP:2114 - RxFifo1ElmtsNbr not found: check if there is a RefParameter without a condition.
2023-11-06 18:11:03,514 [WARN] IP:2114 - RxFifo1ElmtSize not found: check if there is a RefParameter without a condition.
2023-11-06 18:11:03,514 [WARN] IP:2114 - RxBuffersNbr not found: check if there is a RefParameter without a condition.
2023-11-06 18:11:03,514 [WARN] IP:2114 - RxBufferSize not found: check if there is a RefParameter without a condition.
2023-11-06 18:11:03,515 [WARN] IP:2114 - TxEventsNbr not found: check if there is a RefParameter without a condition.
2023-11-06 18:11:03,515 [WARN] IP:2114 - TxBuffersNbr not found: check if there is a RefParameter without a condition.
2023-11-06 18:11:03,515 [WARN] IP:2114 - TxFifoQueueElmtsNbr not found: check if there is a RefParameter without a condition.
2023-11-06 18:11:03,515 [WARN] IP:2114 - TxElmtSize not found: check if there is a RefParameter without a condition.
2023-11-06 18:11:03,515 [WARN] IP:2114 - ClockCalibrationCCU not found: check if there is a RefParameter without a condition.
2023-11-06 18:11:03,515 [WARN] IP:2114 - ClockDividerCCU not found: check if there is a RefParameter without a condition.
2023-11-06 18:11:03,515 [WARN] IP:2114 - MinOscClkPeriodsCCU not found: check if there is a RefParameter without a condition.
2023-11-06 18:11:03,516 [WARN] IP:2114 - TimeQuantaPerBitTimeCCU not found: check if there is a RefParameter without a condition.
2023-11-06 18:11:03,516 [WARN] IP:2114 - WatchdogStartValueCCU not found: check if there is a RefParameter without a condition.
2023-11-06 18:11:03,516 [WARN] IP:2114 - MessageRAMOffset not found: check if there is a RefParameter without a condition.
2023-11-06 18:11:03,516 [WARN] IP:2114 - RxFifo0ElmtsNbr not found: check if there is a RefParameter without a condition.
2023-11-06 18:11:03,516 [WARN] IP:2114 - RxFifo0ElmtSize not found: check if there is a RefParameter without a condition.
2023-11-06 18:11:03,516 [WARN] IP:2114 - RxFifo1ElmtsNbr not found: check if there is a RefParameter without a condition.
2023-11-06 18:11:03,517 [WARN] IP:2114 - RxFifo1ElmtSize not found: check if there is a RefParameter without a condition.
2023-11-06 18:11:03,517 [WARN] IP:2114 - RxBuffersNbr not found: check if there is a RefParameter without a condition.
2023-11-06 18:11:03,517 [WARN] IP:2114 - RxBufferSize not found: check if there is a RefParameter without a condition.
2023-11-06 18:11:03,517 [WARN] IP:2114 - TxEventsNbr not found: check if there is a RefParameter without a condition.
2023-11-06 18:11:03,517 [WARN] IP:2114 - TxBuffersNbr not found: check if there is a RefParameter without a condition.
2023-11-06 18:11:03,517 [WARN] IP:2114 - TxFifoQueueElmtsNbr not found: check if there is a RefParameter without a condition.
2023-11-06 18:11:03,517 [WARN] IP:2114 - TxElmtSize not found: check if there is a RefParameter without a condition.
2023-11-06 18:11:03,517 [WARN] IP:2114 - ClockCalibrationCCU not found: check if there is a RefParameter without a condition.
2023-11-06 18:11:03,517 [WARN] IP:2114 - ClockDividerCCU not found: check if there is a RefParameter without a condition.
2023-11-06 18:11:03,517 [WARN] IP:2114 - MinOscClkPeriodsCCU not found: check if there is a RefParameter without a condition.
2023-11-06 18:11:03,517 [WARN] IP:2114 - TimeQuantaPerBitTimeCCU not found: check if there is a RefParameter without a condition.
2023-11-06 18:11:03,517 [WARN] IP:2114 - WatchdogStartValueCCU not found: check if there is a RefParameter without a condition.
2023-11-06 18:11:03,522 [INFO] ImportTextPane:194 - (OptionalMessage_ERROR) IP (RCC) : Invalid parameter (FamilyName)
2023-11-06 18:11:04,004 [INFO] UtilMem:75 - End LoadConfig() Used Memory: 816991632 Bytes (1026555904)
2023-11-06 18:11:04,131 [INFO] ApiDb:581 - Connected to CubeFinder SQLite database (/home/ketirange/.stmcufinder/plugins/mcufinder/mcu/cube-finder-db.db)
2023-11-06 18:11:04,216 [INFO] ApiDb:668 - CubeFinder database Data Model version=2.1
2023-11-06 18:11:04,216 [INFO] ApiDb:669 - CubeFinder database Configuration version=3.0.37
2023-11-06 18:11:04,217 [INFO] ApiDb:670 - CubeFinder database generation date=2023-08-09 (1691586011)
2023-11-06 18:11:04,217 [INFO] ApiDb:671 - CubeFinder database FW Pack versions=[FP-ATR-ASTRA1_V2.0.0, FP-SNS-FLIGHT1_V5.0.1, FP-SNS-FLIGHT1_V5.0.2, FP-SNS-MOTENV1_V4.3.1, FP-SNS-MOTENV1_V4.3.2, STM32Cube_FW_C0_V1.1.0, STM32Cube_FW_F4_V1.27.1, STM32Cube_FW_F7_V1.17.0, STM32Cube_FW_G0_V1.6.1, STM32Cube_FW_G4_V1.5.1, STM32Cube_FW_H5_V0.5.1, STM32Cube_FW_H5_V1.1.0, STM32Cube_FW_H7_V1.11.0, STM32Cube_FW_L0_V1.12.2, STM32Cube_FW_L5_V1.5.0, STM32Cube_FW_U5_V1.3.0, STM32Cube_FW_U5_V1.3.0RC4, STM32Cube_FW_WBA_V1.0.0RC1, STM32Cube_FW_WBA_V1.1.0, STM32Cube_FW_WBA_V1.1.0RC1, STM32Cube_FW_WB_V1.15.0RC1, STM32Cube_FW_WB_V1.16.0, STM32Cube_FW_WB_V1.16.0RC2, STM32Cube_FW_WB_V1.17.0, STM32Cube_FW_WL_V1.3.0, X-CUBE-ALGOBUILD_V1.3.0, X-CUBE-ALS_V1.0.1, X-CUBE-AZRTOS-F4_V1.1.0, X-CUBE-AZRTOS-F7_V1.1.0, X-CUBE-AZRTOS-G0_V1.1.0, X-CUBE-AZRTOS-G4_V2.0.0, X-CUBE-AZRTOS-H7_V3.1.0, X-CUBE-AZRTOS-L4_V1.0.0, X-CUBE-AZRTOS-L4_V2.0.0, X-CUBE-AZRTOS-L5_V1.1.0, X-CUBE-AZRTOS-WB_V1.1.0, X-CUBE-AZRTOS-WL_V2.0.0, X-CUBE-BLE1_V7.0.0, X-CUBE-BLE2_V3.3.0, X-CUBE-BLEMGR_V2.0.0, X-CUBE-EEPRMA1_V4.1.0, X-CUBE-FREERTOS_V1.1.0, X-CUBE-GNSS1_V6.0.0, X-CUBE-MEMS1_V9.1.0, X-CUBE-MEMS1_V9.4.0, X-CUBE-MEMS1_V9.6.0, X-CUBE-NFC4_V3.0.0, X-CUBE-NFC7_V1.0.0, X-CUBE-SFXS2LP1_V4.0.0, X-CUBE-SUBG2_V5.0.0, X-CUBE-TOF1_V3.3.1]
2023-11-06 18:11:06,356 [INFO] ApiDb:240 - Found 323 in-development CPN: [B-G473E-ZEST1S, B-WB1M-WPAN1, B-WL5M-SUBG1, NUCLEO-C031C6, NUCLEO-H503RB, NUCLEO-H563ZI, NUCLEO-U545RE-Q, NUCLEO-U5A5ZJ-Q, NUCLEO-WBA52CG, STEVAL-PROTEUS1, STEVAL-SMARTAG2, STEVAL-STWINBX1, STM320518-EVAL, STM32C0116-DK, STM32C011D6Y3TR, STM32C011D6Y6TR, STM32C011F4P3, STM32C011F4P6, STM32C011F4U3, STM32C011F4U6TR, STM32C011F6P3, STM32C011F6P6, STM32C011F6U3, STM32C011F6U6TR, STM32C011J4M3, STM32C011J4M6, STM32C011J6M3, STM32C011J6M6, STM32C0316-DK, STM32C031C4T3, STM32C031C4T6, STM32C031C4U3, STM32C031C4U6, STM32C031C6T3, STM32C031C6T6, STM32C031C6U3, STM32C031C6U6, STM32C031F4P3, STM32C031F4P6, STM32C031F6P3, STM32C031F6P6, STM32C031G4U3, STM32C031G4U6, STM32C031G6U3, STM32C031G6U6, STM32C031K4T3, STM32C031K4T6, STM32C031K4U3, STM32C031K4U6, STM32C031K6T3, STM32C031K6T6, STM32C031K6U3, STM32C031K6U6, STM32G071K8TXN, STM32G071K8UXN, STM32G081GBU6N, STM32G081KBT6N, STM32G081KBUXN, STM32G0B1CCT6N, STM32G0B1KCT6, STM32G0B1NEY6TR, STM32G0B1RCT6N, STM32G0C1CCT6, STM32G0C1CCT6N, STM32G0C1CCU6N, STM32G0C1CET6N, STM32G0C1CEU6N, STM32G0C1KCT6, STM32G0C1NEY6TR, STM32G0C1RCI6N, STM32G0C1RCT6N, STM32G0C1REI6N, STM32G0C1RET6N, STM32G0C1VCI6, STM32G0C1VEI6, STM32G471CCT6, STM32G471CCU6, STM32G471CET3, STM32G471CET6, STM32G471CEU3, STM32G471CEU6, STM32G471MCT6, STM32G471MET3, STM32G471MET6, STM32G471MEY6TR, STM32G471QCT6, STM32G471QET3, STM32G471RCT6, STM32G471RET3, STM32G471RET6, STM32G471VCH6, STM32G471VCI6, STM32G471VCT6, STM32G471VEH3, STM32G471VEH6, STM32G471VEI3, STM32G471VEI6, STM32G471VET3, STM32G471VET6, STM32G474CCT6, STM32H503CBT6, STM32H503CBU6, STM32H503EBY6TR, STM32H503KBU6, STM32H503RBT6, STM32H562AGI6, STM32H562AII6, STM32H562IGK6, STM32H562IGT6, STM32H562IIK6, STM32H562IIT6, STM32H562RGT6, STM32H562RGV6, STM32H562RIT6, STM32H562RIV6, STM32H562VGT6, STM32H562VIT6, STM32H562ZGT6, STM32H562ZIT6, STM32H563AGI6, STM32H563AII3Q, STM32H563AII6, STM32H563IGK6, STM32H563IGT6, STM32H563IIK3Q, STM32H563IIK6, STM32H563IIT3Q, STM32H563IIT6, STM32H563MIY3QTR, STM32H563RGT6, STM32H563RGV6, STM32H563RIT6, STM32H563RIV6, STM32H563VGT6, STM32H563VIT3Q, STM32H563VIT6, STM32H563ZGT6, STM32H563ZIT3Q, STM32H563ZIT6, STM32H573AII3Q, STM32H573AII6, STM32H573I-DK, STM32H573IIK3Q, STM32H573IIK6, STM32H573IIT3Q, STM32H573IIT6, STM32H573MIY3QTR, STM32H573RIT6, STM32H573RIV6, STM32H573VIT3Q, STM32H573VIT6, STM32H573ZIT3Q, STM32H573ZIT6, STM32L4R5QGI6STR, STM32MP131AAE3, STM32MP131AAF3, STM32MP131AAG3, STM32MP131CAE3, STM32MP131CAF3, STM32MP131CAG3, STM32MP131DAE7, STM32MP131DAF7, STM32MP131DAG7, STM32MP131FAE7, STM32MP131FAF7, STM32MP131FAG7, STM32MP133AAE3, STM32MP133AAF3, STM32MP133AAG3, STM32MP133CAE3, STM32MP133CAF3, STM32MP133CAG3, STM32MP133DAE7, STM32MP133DAF7, STM32MP133DAG7, STM32MP133FAE7, STM32MP133FAF7, STM32MP133FAG7, STM32MP135AAE3, STM32MP135AAF3, STM32MP135AAG3, STM32MP135CAE3, STM32MP135CAF3, STM32MP135CAG3, STM32MP135DAE7, STM32MP135DAF7, STM32MP135DAG7, STM32MP135F-DK, STM32MP135FAE7, STM32MP135FAF7, STM32MP135FAF7T, STM32MP135FAF7U, STM32MP135FAG7, STM32U535CBT6, STM32U535CBT6Q, STM32U535CBU6, STM32U535CBU6Q, STM32U535CCT6, STM32U535CCT6Q, STM32U535CCU6, STM32U535CCU6Q, STM32U535CET6, STM32U535CET6Q, STM32U535CEU6, STM32U535CEU6Q, STM32U535JEY6QTR, STM32U535NCY6QTR, STM32U535NEY6QTR, STM32U535RBI6, STM32U535RBI6Q, STM32U535RBT6, STM32U535RBT6Q, STM32U535RCI6, STM32U535RCI6Q, STM32U535RCT6, STM32U535RCT6Q, STM32U535REI6, STM32U535REI6Q, STM32U535RET6, STM32U535RET6Q, STM32U535VCI6, STM32U535VCI6Q, STM32U535VCT6, STM32U535VCT6Q, STM32U535VEI6, STM32U535VEI6Q, STM32U535VET6, STM32U535VET6Q, STM32U545CET6, STM32U545CET6Q, STM32U545CEU6, STM32U545CEU6Q, STM32U545JEY6QTR, STM32U545NEY6QTR, STM32U545REI6, STM32U545REI6Q, STM32U545RET6, STM32U545RET6Q, STM32U545VEI6, STM32U545VEI6Q, STM32U545VET6, STM32U545VET6Q, STM32U595AIH6, STM32U595AIH6Q, STM32U595AJH6, STM32U595AJH6Q, STM32U595QII6, STM32U595QII6Q, STM32U595QJI6, STM32U595QJI6Q, STM32U595RIT6, STM32U595RIT6Q, STM32U595RJT6, STM32U595RJT6Q, STM32U595VIT6, STM32U595VIT6Q, STM32U595VJT6, STM32U595VJT6Q, STM32U595ZIT6, STM32U595ZIT6Q, STM32U595ZIY6QTR, STM32U595ZJT6, STM32U595ZJT6Q, STM32U595ZJY6QTR, STM32U599BJY6QTR, STM32U599NIH6Q, STM32U599NJH6Q, STM32U599VIT6Q, STM32U599VJT6, STM32U599VJT6Q, STM32U599ZIT6Q, STM32U599ZIY6QTR, STM32U599ZJT6Q, STM32U599ZJY6QTR, STM32U5A5AJH6, STM32U5A5AJH6Q, STM32U5A5QJI6, STM32U5A5QJI6Q, STM32U5A5RJT6, STM32U5A5RJT6Q, STM32U5A5VJT6, STM32U5A5VJT6Q, STM32U5A5ZJT6, STM32U5A5ZJT6Q, STM32U5A5ZJY6QTR, STM32U5A9BJY6QTR, STM32U5A9J-DK, STM32U5A9NJH6Q, STM32U5A9VJT6Q, STM32U5A9ZJT6Q, STM32U5A9ZJY6QTR, STM32U5F7VIT6, STM32U5F7VIT6Q, STM32U5F7VJT6, STM32U5F7VJT6Q, STM32U5F9BJY6QTR, STM32U5F9NJH6Q, STM32U5F9VIT6Q, STM32U5F9VJT6Q, STM32U5F9ZIJ6QTR, STM32U5F9ZIT6Q, STM32U5F9ZJJ6QTR, STM32U5F9ZJT6Q, STM32U5G7VJT6, STM32U5G7VJT6Q, STM32U5G9BJY6QTR, STM32U5G9J-DK1, STM32U5G9J-DK2, STM32U5G9NJH6Q, STM32U5G9VJT6Q, STM32U5G9ZJJ6QTR, STM32U5G9ZJT6Q, STM32WB1MMCH6, STM32WBA52CEU6, STM32WBA52CEU6T, STM32WBA52CGU6, STM32WBA52CGU6T, STM32WBA52KEU6, STM32WBA52KEU6T, STM32WBA52KGU6, STM32WBA52KGU6T, STM32WL5MOCH6, STM32WL5MOCH6TR]
2023-11-06 18:11:06,360 [INFO] DbMcus:217 - Found 3848 MCUs, 3848 are supported
2023-11-06 18:11:06,360 [INFO] ApiDb:414 - User favorites file not found: /home/ketirange/.stm32cubeide/favorites.mcus.txt
2023-11-06 18:11:06,360 [INFO] DbMcus:223 - Set 0 / 0 favorites MCUs
2023-11-06 18:11:06,586 [WARN] ThirdParty:833 - waiting for thirdparty lock release [change project]
2023-11-06 18:11:06,586 [INFO] ThirdParty:835 - entering critical section [change project]
2023-11-06 18:11:06,586 [INFO] ThirdParty:1030 - CMSIS Pack Vendor :STMicroelectronics X-CUBE-ISPU 1.1.0
2023-11-06 18:11:06,586 [INFO] ThirdParty:1030 - CMSIS Pack Vendor :STMicroelectronics USBPD 4.1
2023-11-06 18:11:06,586 [INFO] ThirdParty:1030 - CMSIS Pack Vendor :STMicroelectronics X-CUBE-GNSS1 6.0.0
2023-11-06 18:11:06,586 [INFO] ThirdParty:1030 - CMSIS Pack Vendor :STMicroelectronics USB_HOST 2.0.0
2023-11-06 18:11:06,586 [INFO] ThirdParty:1030 - CMSIS Pack Vendor :STMicroelectronics X-CUBE-AZRTOS-F4 1.1.0
2023-11-06 18:11:06,586 [INFO] ThirdParty:1030 - CMSIS Pack Vendor :STMicroelectronics LIBJPEG 8.0.0
2023-11-06 18:11:06,586 [INFO] ThirdParty:1030 - CMSIS Pack Vendor :wolfSSL I-CUBE-wolfSSL 5.6.3
2023-11-06 18:11:06,586 [INFO] ThirdParty:1030 - CMSIS Pack Vendor :STMicroelectronics X-CUBE-SMBUS 2.1.0
2023-11-06 18:11:06,586 [INFO] ThirdParty:1030 - CMSIS Pack Vendor :STMicroelectronics USB_DEVICE 3.0.0
2023-11-06 18:11:06,586 [INFO] ThirdParty:1030 - CMSIS Pack Vendor :STMicroelectronics X-CUBE-AZRTOS-WB 2.0.0
2023-11-06 18:11:06,586 [INFO] ThirdParty:1030 - CMSIS Pack Vendor :STMicroelectronics X-CUBE-AZRTOS-F7 1.1.0
2023-11-06 18:11:06,586 [INFO] ThirdParty:1030 - CMSIS Pack Vendor :STMicroelectronics X-CUBE-AZRTOS-L5 2.0.0
2023-11-06 18:11:06,586 [INFO] ThirdParty:1030 - CMSIS Pack Vendor :STMicroelectronics USB_DEVICE 2.0.0
2023-11-06 18:11:06,587 [INFO] ThirdParty:1030 - CMSIS Pack Vendor :STMicroelectronics X-CUBE-MEMS1 9.6.0
2023-11-06 18:11:06,587 [INFO] ThirdParty:1030 - CMSIS Pack Vendor :STMicroelectronics X-CUBE-EEPRMA1 4.2.0
2023-11-06 18:11:06,587 [INFO] ThirdParty:1030 - CMSIS Pack Vendor :ITTIA_DB I-CUBE-ITTIADB 8.8.0
2023-11-06 18:11:06,587 [INFO] ThirdParty:1030 - CMSIS Pack Vendor :STMicroelectronics FP-SNS-MOTENV1 4.3.2
2023-11-06 18:11:06,587 [INFO] ThirdParty:1030 - CMSIS Pack Vendor :STMicroelectronics X-CUBE-ALGOBUILD 1.3.0
2023-11-06 18:11:06,587 [INFO] ThirdParty:1030 - CMSIS Pack Vendor :STMicroelectronics FreeRTOS 0.0.1
2023-11-06 18:11:06,587 [INFO] ThirdParty:1030 - CMSIS Pack Vendor :STMicroelectronics X-CUBE-AZRTOS-G0 1.1.0
2023-11-06 18:11:06,587 [INFO] ThirdParty:1030 - CMSIS Pack Vendor :STMicroelectronics X-CUBE-BLEMGR 2.0.0
2023-11-06 18:11:06,587 [INFO] ThirdParty:1030 - CMSIS Pack Vendor :STMicroelectronics X-CUBE-NFC4 3.0.0
2023-11-06 18:11:06,587 [INFO] ThirdParty:1030 - CMSIS Pack Vendor :STMicroelectronics X-CUBE-SUBG2 5.0.0
2023-11-06 18:11:06,587 [INFO] ThirdParty:1030 - CMSIS Pack Vendor :STMicroelectronics STM32_WPAN 1.0.0
2023-11-06 18:11:06,587 [INFO] ThirdParty:1030 - CMSIS Pack Vendor :STMicroelectronics lwIP 2.0.3
2023-11-06 18:11:06,587 [INFO] ThirdParty:1030 - CMSIS Pack Vendor :STMicroelectronics FP-SNS-FLIGHT1 5.0.2
2023-11-06 18:11:06,587 [INFO] ThirdParty:1030 - CMSIS Pack Vendor :STMicroelectronics USB_HOST 1.0.0
2023-11-06 18:11:06,587 [INFO] ThirdParty:1030 - CMSIS Pack Vendor :STMicroelectronics X-CUBE-TOF1 3.3.1
2023-11-06 18:11:06,587 [INFO] ThirdParty:1030 - CMSIS Pack Vendor :STMicroelectronics X-CUBE-AZRTOS-G4 2.0.0
2023-11-06 18:11:06,587 [INFO] ThirdParty:1030 - CMSIS Pack Vendor :STMicroelectronics PDM2PCM 3.1.0
2023-11-06 18:11:06,587 [INFO] ThirdParty:1030 - CMSIS Pack Vendor :STMicroelectronics X-CUBE-AZRTOS-H7 3.1.0
2023-11-06 18:11:06,587 [INFO] ThirdParty:1030 - CMSIS Pack Vendor :Infineon AIROC-Wi-Fi-Bluetooth-STM32 1.5.1
2023-11-06 18:11:06,587 [INFO] ThirdParty:1030 - CMSIS Pack Vendor :STMicroelectronics X-CUBE-BLEMGR 3.0.0
2023-11-06 18:11:06,587 [INFO] ThirdParty:1030 - CMSIS Pack Vendor :STMicroelectronics PDM2PCM 3.3.0
2023-11-06 18:11:06,587 [INFO] ThirdParty:1030 - CMSIS Pack Vendor :STMicroelectronics X-CUBE-DISPLAY 3.0.0
2023-11-06 18:11:06,587 [INFO] ThirdParty:1030 - CMSIS Pack Vendor :STMicroelectronics X-CUBE-BLE1 7.0.0
2023-11-06 18:11:06,587 [INFO] ThirdParty:1030 - CMSIS Pack Vendor :STMicroelectronics FP-ATR-SIGFOX1 3.2.0
2023-11-06 18:11:06,587 [INFO] ThirdParty:1030 - CMSIS Pack Vendor :STMicroelectronics HAL Drivers 0.0.0
2023-11-06 18:11:06,587 [INFO] ThirdParty:1030 - CMSIS Pack Vendor :STMicroelectronics MBEDTLS 2.16.2
2023-11-06 18:11:06,587 [INFO] ThirdParty:1030 - CMSIS Pack Vendor :emotas I-CUBE-CANOPEN 1.3.0
2023-11-06 18:11:06,587 [INFO] ThirdParty:1030 - CMSIS Pack Vendor :STMicroelectronics X-CUBE-MEMS1 10.0.0
2023-11-06 18:11:06,587 [INFO] ThirdParty:1030 - CMSIS Pack Vendor :STMicroelectronics X-CUBE-FREERTOS 1.1.0
2023-11-06 18:11:06,587 [INFO] ThirdParty:1030 - CMSIS Pack Vendor :STMicroelectronics X-CUBE-TOUCHGFX 4.22.0
2023-11-06 18:11:06,587 [INFO] ThirdParty:1030 - CMSIS Pack Vendor :STMicroelectronics X-CUBE-NFC7 1.0.1
2023-11-06 18:11:06,587 [INFO] ThirdParty:1030 - CMSIS Pack Vendor :STMicroelectronics MBEDTLS 2.14.1
2023-11-06 18:11:06,587 [INFO] ThirdParty:1030 - CMSIS Pack Vendor :STMicroelectronics X-CUBE-TOUCHGFX 4.22.1
2023-11-06 18:11:06,587 [INFO] ThirdParty:1030 - CMSIS Pack Vendor :STMicroelectronics X-CUBE-NFC6 3.0.0
2023-11-06 18:11:06,587 [INFO] ThirdParty:1030 - CMSIS Pack Vendor :STMicroelectronics X-CUBE-EEPRMA1 4.1.0
2023-11-06 18:11:06,588 [INFO] ThirdParty:1030 - CMSIS Pack Vendor :portGmbH I-Cube-SoM-uGOAL 1.1.0
2023-11-06 18:11:06,588 [INFO] ThirdParty:1030 - CMSIS Pack Vendor :STMicroelectronics X-CUBE-ALS 1.0.1
2023-11-06 18:11:06,588 [INFO] ThirdParty:1030 - CMSIS Pack Vendor :STMicroelectronics ThreadX 1.0.0
2023-11-06 18:11:06,588 [INFO] ThirdParty:1030 - CMSIS Pack Vendor :STMicroelectronics FP-SNS-SMARTAG2 1.2.0
2023-11-06 18:11:06,588 [INFO] ThirdParty:1030 - CMSIS Pack Vendor :STMicroelectronics X-CUBE-AZRTOS-WL 2.0.0
2023-11-06 18:11:06,588 [INFO] ThirdParty:1030 - CMSIS Pack Vendor :SEGGER I-CUBE-embOS 1.3.1
2023-11-06 18:11:06,588 [INFO] ThirdParty:1030 - CMSIS Pack Vendor :STMicroelectronics USB_DEVICE 1.0.0
2023-11-06 18:11:06,588 [INFO] ThirdParty:1030 - CMSIS Pack Vendor :STMicroelectronics X-CUBE-AI 8.1.0
2023-11-06 18:11:06,588 [INFO] ThirdParty:1030 - CMSIS Pack Vendor :STMicroelectronics X-CUBE-AZRTOS-L4 2.0.0
2023-11-06 18:11:06,588 [INFO] ThirdParty:1030 - CMSIS Pack Vendor :STMicroelectronics ThreadX 0.0.2
2023-11-06 18:11:06,588 [INFO] ThirdParty:1030 - CMSIS Pack Vendor :WES I-CUBE-Cesium 1.3.0
2023-11-06 18:11:06,588 [INFO] ThirdParty:1030 - CMSIS Pack Vendor :STMicroelectronics FP-ATR-ASTRA1 2.0.0
2023-11-06 18:11:06,588 [INFO] ThirdParty:1030 - CMSIS Pack Vendor :STMicroelectronics lwIP 2.1.2
2023-11-06 18:11:06,588 [INFO] ThirdParty:1030 - CMSIS Pack Vendor :STMicroelectronics X-CUBE-SFXS2LP1 4.0.0
2023-11-06 18:11:06,588 [INFO] ThirdParty:1030 - CMSIS Pack Vendor :STMicroelectronics X-CUBE-BLE2 3.3.0
2023-11-06 18:11:06,588 [INFO] ThirdParty:1030 - CMSIS Pack Vendor :STMicroelectronics PDM2PCM 3.2.0
2023-11-06 18:11:06,588 [INFO] ThirdParty:841 - exiting critical section [change project]
2023-11-06 18:11:07,128 [INFO] PinOutPanel:1499 - setPackage(No Configuration,No Configuration)
2023-11-06 18:11:07,130 [INFO] PinOutPanel:1499 - setPackage(STM32G473RCTx,LQFP64)
2023-11-06 18:11:07,937 [INFO] UtilMem:75 - Before build in PCC Used Memory: 859075760 Bytes (1026555904)
2023-11-06 18:11:09,009 [INFO] UtilMem:75 - After build in PCC Used Memory: 755880864 Bytes (1026555904)
2023-11-06 18:11:09,056 [INFO] IPUIPlugin:80 - create IPUIPlugin
2023-11-06 18:11:09,057 [INFO] IPUIPlugin:80 - create IPUIPlugin
2023-11-06 18:11:09,057 [INFO] IPUIPlugin:80 - create IPUIPlugin
2023-11-06 18:11:09,057 [INFO] IPUIPlugin:80 - create IPUIPlugin
2023-11-06 18:11:09,057 [INFO] IPUIPlugin:80 - create IPUIPlugin
2023-11-06 18:11:09,057 [INFO] IPUIPlugin:80 - create IPUIPlugin
2023-11-06 18:11:09,057 [INFO] IPUIPlugin:80 - create IPUIPlugin
2023-11-06 18:11:09,057 [INFO] IPUIPlugin:80 - create IPUIPlugin
2023-11-06 18:11:09,057 [INFO] IPUIPlugin:80 - create IPUIPlugin
2023-11-06 18:11:09,058 [INFO] IPUIPlugin:80 - create IPUIPlugin
2023-11-06 18:11:09,058 [INFO] IPUIPlugin:80 - create IPUIPlugin
2023-11-06 18:11:09,058 [INFO] IPUIPlugin:80 - create IPUIPlugin
2023-11-06 18:11:09,058 [INFO] IPUIPlugin:80 - create IPUIPlugin
2023-11-06 18:11:09,058 [INFO] IPUIPlugin:80 - create IPUIPlugin
2023-11-06 18:11:09,058 [INFO] IPUIPlugin:80 - create IPUIPlugin
2023-11-06 18:11:09,059 [INFO] IPUIPlugin:80 - create IPUIPlugin
2023-11-06 18:11:09,060 [INFO] IPUIPlugin:80 - create IPUIPlugin
2023-11-06 18:11:09,060 [INFO] IPUIPlugin:80 - create IPUIPlugin
2023-11-06 18:11:09,060 [INFO] IPUIPlugin:80 - create IPUIPlugin
2023-11-06 18:11:09,060 [INFO] IPUIPlugin:80 - create IPUIPlugin
2023-11-06 18:11:09,060 [INFO] IPUIPlugin:80 - create IPUIPlugin
2023-11-06 18:11:09,060 [INFO] IPUIPlugin:80 - create IPUIPlugin
2023-11-06 18:11:09,061 [INFO] IPUIPlugin:80 - create IPUIPlugin
2023-11-06 18:11:09,061 [INFO] IPUIPlugin:80 - create IPUIPlugin
2023-11-06 18:11:09,061 [INFO] IPUIPlugin:80 - create IPUIPlugin
2023-11-06 18:11:09,061 [INFO] IPUIPlugin:80 - create IPUIPlugin
2023-11-06 18:11:09,061 [INFO] IPUIPlugin:80 - create IPUIPlugin
2023-11-06 18:11:09,061 [INFO] IPUIPlugin:80 - create IPUIPlugin
2023-11-06 18:11:09,061 [INFO] IPUIPlugin:80 - create IPUIPlugin
2023-11-06 18:11:09,061 [INFO] IPUIPlugin:80 - create IPUIPlugin
2023-11-06 18:11:09,061 [INFO] IPUIPlugin:80 - create IPUIPlugin
2023-11-06 18:11:09,061 [INFO] IPUIPlugin:80 - create IPUIPlugin
2023-11-06 18:11:09,062 [INFO] IPUIPlugin:80 - create IPUIPlugin
2023-11-06 18:11:09,062 [INFO] IPUIPlugin:80 - create IPUIPlugin
2023-11-06 18:11:09,062 [INFO] IPUIPlugin:80 - create IPUIPlugin
2023-11-06 18:11:09,062 [INFO] IPUIPlugin:80 - create IPUIPlugin
2023-11-06 18:11:09,062 [INFO] IPUIPlugin:80 - create IPUIPlugin
2023-11-06 18:11:09,063 [INFO] IPUIPlugin:80 - create IPUIPlugin
2023-11-06 18:11:09,063 [INFO] IPUIPlugin:80 - create IPUIPlugin
2023-11-06 18:11:09,063 [INFO] IPUIPlugin:80 - create IPUIPlugin
2023-11-06 18:11:09,063 [INFO] IPUIPlugin:80 - create IPUIPlugin
2023-11-06 18:11:09,063 [INFO] IPUIPlugin:80 - create IPUIPlugin
2023-11-06 18:11:09,064 [INFO] IPUIPlugin:80 - create IPUIPlugin
2023-11-06 18:11:09,064 [INFO] IPUIPlugin:80 - create IPUIPlugin
2023-11-06 18:11:09,064 [INFO] IPUIPlugin:80 - create IPUIPlugin
2023-11-06 18:11:09,064 [INFO] IPUIPlugin:80 - create IPUIPlugin
2023-11-06 18:11:09,065 [INFO] IPUIPlugin:80 - create IPUIPlugin
2023-11-06 18:11:09,065 [INFO] IPUIPlugin:80 - create IPUIPlugin
2023-11-06 18:11:09,065 [INFO] IPUIPlugin:80 - create IPUIPlugin
2023-11-06 18:11:09,065 [INFO] IPUIPlugin:80 - create IPUIPlugin
2023-11-06 18:11:09,065 [INFO] IPUIPlugin:80 - create IPUIPlugin
2023-11-06 18:11:09,065 [INFO] IPUIPlugin:80 - create IPUIPlugin
2023-11-06 18:11:09,066 [INFO] IPUIPlugin:80 - create IPUIPlugin
2023-11-06 18:11:09,067 [INFO] IPUIPlugin:80 - create IPUIPlugin
2023-11-06 18:11:09,067 [INFO] IPUIPlugin:80 - create IPUIPlugin
2023-11-06 18:11:09,067 [INFO] IPUIPlugin:80 - create IPUIPlugin
2023-11-06 18:11:09,067 [INFO] IPUIPlugin:80 - create IPUIPlugin
2023-11-06 18:11:09,067 [INFO] IPUIPlugin:80 - create IPUIPlugin
2023-11-06 18:11:09,067 [INFO] IPUIPlugin:80 - create IPUIPlugin
2023-11-06 18:11:09,067 [INFO] IPUIPlugin:80 - create IPUIPlugin
2023-11-06 18:11:09,067 [INFO] IPUIPlugin:80 - create IPUIPlugin
2023-11-06 18:11:09,068 [INFO] IPUIPlugin:80 - create IPUIPlugin
2023-11-06 18:11:09,068 [INFO] IPUIPlugin:80 - create IPUIPlugin
2023-11-06 18:11:09,068 [INFO] IPUIPlugin:80 - create IPUIPlugin
2023-11-06 18:11:09,068 [INFO] IPUIPlugin:80 - create IPUIPlugin
2023-11-06 18:11:09,068 [INFO] IPUIPlugin:80 - create IPUIPlugin
2023-11-06 18:11:09,068 [INFO] IPUIPlugin:80 - create IPUIPlugin
2023-11-06 18:11:09,069 [INFO] IPUIPlugin:80 - create IPUIPlugin
2023-11-06 18:11:09,069 [INFO] IPUIPlugin:80 - create IPUIPlugin
2023-11-06 18:11:09,069 [INFO] IPUIPlugin:80 - create IPUIPlugin
2023-11-06 18:11:09,070 [INFO] IPUIPlugin:80 - create IPUIPlugin
2023-11-06 18:11:09,070 [INFO] IPUIPlugin:80 - create IPUIPlugin
2023-11-06 18:11:09,071 [INFO] IPUIPlugin:80 - create IPUIPlugin
2023-11-06 18:11:09,071 [INFO] IPUIPlugin:80 - create IPUIPlugin
2023-11-06 18:11:09,071 [INFO] IPUIPlugin:80 - create IPUIPlugin
2023-11-06 18:11:09,072 [INFO] IPUIPlugin:80 - create IPUIPlugin
2023-11-06 18:11:09,081 [WARN] IP:2114 - MessageRAMOffset not found: check if there is a RefParameter without a condition.
2023-11-06 18:11:09,082 [WARN] IP:2114 - RxFifo0ElmtsNbr not found: check if there is a RefParameter without a condition.
2023-11-06 18:11:09,082 [WARN] IP:2114 - RxFifo0ElmtSize not found: check if there is a RefParameter without a condition.
2023-11-06 18:11:09,082 [WARN] IP:2114 - RxFifo1ElmtsNbr not found: check if there is a RefParameter without a condition.
2023-11-06 18:11:09,082 [WARN] IP:2114 - RxFifo1ElmtSize not found: check if there is a RefParameter without a condition.
2023-11-06 18:11:09,082 [WARN] IP:2114 - RxBuffersNbr not found: check if there is a RefParameter without a condition.
2023-11-06 18:11:09,082 [WARN] IP:2114 - RxBufferSize not found: check if there is a RefParameter without a condition.
2023-11-06 18:11:09,082 [WARN] IP:2114 - TxEventsNbr not found: check if there is a RefParameter without a condition.
2023-11-06 18:11:09,082 [WARN] IP:2114 - TxBuffersNbr not found: check if there is a RefParameter without a condition.
2023-11-06 18:11:09,082 [WARN] IP:2114 - TxFifoQueueElmtsNbr not found: check if there is a RefParameter without a condition.
2023-11-06 18:11:09,082 [WARN] IP:2114 - TxElmtSize not found: check if there is a RefParameter without a condition.
2023-11-06 18:11:09,082 [WARN] IP:2114 - ClockCalibrationCCU not found: check if there is a RefParameter without a condition.
2023-11-06 18:11:09,082 [WARN] IP:2114 - ClockDividerCCU not found: check if there is a RefParameter without a condition.
2023-11-06 18:11:09,082 [WARN] IP:2114 - MinOscClkPeriodsCCU not found: check if there is a RefParameter without a condition.
2023-11-06 18:11:09,082 [WARN] IP:2114 - TimeQuantaPerBitTimeCCU not found: check if there is a RefParameter without a condition.
2023-11-06 18:11:09,082 [WARN] IP:2114 - WatchdogStartValueCCU not found: check if there is a RefParameter without a condition.
2023-11-06 18:11:09,089 [INFO] LogOutputStream:77 - [STDOUT_REDIRECT] Nominal 
2023-11-06 18:11:09,090 [INFO] Can:71 - Can Add PropertyChangeListener com.st.microxplorer.plugins.ip.can.Can@196ac6ee
2023-11-06 18:11:09,090 [WARN] IP:2114 - MessageRAMOffset not found: check if there is a RefParameter without a condition.
2023-11-06 18:11:09,090 [WARN] IP:2114 - RxFifo0ElmtsNbr not found: check if there is a RefParameter without a condition.
2023-11-06 18:11:09,090 [WARN] IP:2114 - RxFifo0ElmtSize not found: check if there is a RefParameter without a condition.
2023-11-06 18:11:09,090 [WARN] IP:2114 - RxFifo1ElmtsNbr not found: check if there is a RefParameter without a condition.
2023-11-06 18:11:09,090 [WARN] IP:2114 - RxFifo1ElmtSize not found: check if there is a RefParameter without a condition.
2023-11-06 18:11:09,090 [WARN] IP:2114 - RxBuffersNbr not found: check if there is a RefParameter without a condition.
2023-11-06 18:11:09,090 [WARN] IP:2114 - RxBufferSize not found: check if there is a RefParameter without a condition.
2023-11-06 18:11:09,090 [WARN] IP:2114 - TxEventsNbr not found: check if there is a RefParameter without a condition.
2023-11-06 18:11:09,090 [WARN] IP:2114 - TxBuffersNbr not found: check if there is a RefParameter without a condition.
2023-11-06 18:11:09,091 [WARN] IP:2114 - TxFifoQueueElmtsNbr not found: check if there is a RefParameter without a condition.
2023-11-06 18:11:09,091 [WARN] IP:2114 - TxElmtSize not found: check if there is a RefParameter without a condition.
2023-11-06 18:11:09,091 [WARN] IP:2114 - ClockCalibrationCCU not found: check if there is a RefParameter without a condition.
2023-11-06 18:11:09,091 [WARN] IP:2114 - ClockDividerCCU not found: check if there is a RefParameter without a condition.
2023-11-06 18:11:09,091 [WARN] IP:2114 - MinOscClkPeriodsCCU not found: check if there is a RefParameter without a condition.
2023-11-06 18:11:09,091 [WARN] IP:2114 - TimeQuantaPerBitTimeCCU not found: check if there is a RefParameter without a condition.
2023-11-06 18:11:09,091 [WARN] IP:2114 - WatchdogStartValueCCU not found: check if there is a RefParameter without a condition.
2023-11-06 18:11:09,092 [INFO] LogOutputStream:77 - [STDOUT_REDIRECT] Nominal 
2023-11-06 18:11:09,093 [INFO] Can:71 - Can Add PropertyChangeListener com.st.microxplorer.plugins.ip.can.Can@2695a2a9
2023-11-06 18:11:09,419 [INFO] CADModel:165 - CPN selected for project levelSTM32G473RCT6
2023-11-06 18:11:09,420 [INFO] CADModel:114 - Register for checkConnection events
2023-11-06 18:11:09,466 [INFO] OpenFileManager:328 - Restore cursor
2023-11-06 18:11:09,685 [WARN] IP:2114 - MessageRAMOffset not found: check if there is a RefParameter without a condition.
2023-11-06 18:11:09,685 [WARN] IP:2114 - RxFifo0ElmtsNbr not found: check if there is a RefParameter without a condition.
2023-11-06 18:11:09,685 [WARN] IP:2114 - RxFifo0ElmtSize not found: check if there is a RefParameter without a condition.
2023-11-06 18:11:09,686 [WARN] IP:2114 - RxFifo1ElmtsNbr not found: check if there is a RefParameter without a condition.
2023-11-06 18:11:09,686 [WARN] IP:2114 - RxFifo1ElmtSize not found: check if there is a RefParameter without a condition.
2023-11-06 18:11:09,686 [WARN] IP:2114 - RxBuffersNbr not found: check if there is a RefParameter without a condition.
2023-11-06 18:11:09,686 [WARN] IP:2114 - RxBufferSize not found: check if there is a RefParameter without a condition.
2023-11-06 18:11:09,686 [WARN] IP:2114 - TxEventsNbr not found: check if there is a RefParameter without a condition.
2023-11-06 18:11:09,686 [WARN] IP:2114 - TxBuffersNbr not found: check if there is a RefParameter without a condition.
2023-11-06 18:11:09,686 [WARN] IP:2114 - TxFifoQueueElmtsNbr not found: check if there is a RefParameter without a condition.
2023-11-06 18:11:09,686 [WARN] IP:2114 - TxElmtSize not found: check if there is a RefParameter without a condition.
2023-11-06 18:11:09,686 [WARN] IP:2114 - ClockCalibrationCCU not found: check if there is a RefParameter without a condition.
2023-11-06 18:11:09,686 [WARN] IP:2114 - ClockDividerCCU not found: check if there is a RefParameter without a condition.
2023-11-06 18:11:09,686 [WARN] IP:2114 - MinOscClkPeriodsCCU not found: check if there is a RefParameter without a condition.
2023-11-06 18:11:09,686 [WARN] IP:2114 - TimeQuantaPerBitTimeCCU not found: check if there is a RefParameter without a condition.
2023-11-06 18:11:09,686 [WARN] IP:2114 - WatchdogStartValueCCU not found: check if there is a RefParameter without a condition.
2023-11-06 18:11:09,687 [WARN] IP:2114 - MessageRAMOffset not found: check if there is a RefParameter without a condition.
2023-11-06 18:11:09,687 [WARN] IP:2114 - RxFifo0ElmtsNbr not found: check if there is a RefParameter without a condition.
2023-11-06 18:11:09,687 [WARN] IP:2114 - RxFifo0ElmtSize not found: check if there is a RefParameter without a condition.
2023-11-06 18:11:09,687 [WARN] IP:2114 - RxFifo1ElmtsNbr not found: check if there is a RefParameter without a condition.
2023-11-06 18:11:09,687 [WARN] IP:2114 - RxFifo1ElmtSize not found: check if there is a RefParameter without a condition.
2023-11-06 18:11:09,687 [WARN] IP:2114 - RxBuffersNbr not found: check if there is a RefParameter without a condition.
2023-11-06 18:11:09,687 [WARN] IP:2114 - RxBufferSize not found: check if there is a RefParameter without a condition.
2023-11-06 18:11:09,687 [WARN] IP:2114 - TxEventsNbr not found: check if there is a RefParameter without a condition.
2023-11-06 18:11:09,687 [WARN] IP:2114 - TxBuffersNbr not found: check if there is a RefParameter without a condition.
2023-11-06 18:11:09,687 [WARN] IP:2114 - TxFifoQueueElmtsNbr not found: check if there is a RefParameter without a condition.
2023-11-06 18:11:09,687 [WARN] IP:2114 - TxElmtSize not found: check if there is a RefParameter without a condition.
2023-11-06 18:11:09,687 [WARN] IP:2114 - ClockCalibrationCCU not found: check if there is a RefParameter without a condition.
2023-11-06 18:11:09,687 [WARN] IP:2114 - ClockDividerCCU not found: check if there is a RefParameter without a condition.
2023-11-06 18:11:09,688 [WARN] IP:2114 - MinOscClkPeriodsCCU not found: check if there is a RefParameter without a condition.
2023-11-06 18:11:09,688 [WARN] IP:2114 - TimeQuantaPerBitTimeCCU not found: check if there is a RefParameter without a condition.
2023-11-06 18:11:09,688 [WARN] IP:2114 - WatchdogStartValueCCU not found: check if there is a RefParameter without a condition.
2023-11-06 18:11:09,780 [INFO] ParamManager:896 - [Generic UI] PropertyChangeEvent: TAB_STATUS_CHANGED , "dont care", "never mind"
2023-11-06 18:11:09,873 [WARN] IP:2114 - MessageRAMOffset not found: check if there is a RefParameter without a condition.
2023-11-06 18:11:09,874 [WARN] IP:2114 - RxFifo0ElmtsNbr not found: check if there is a RefParameter without a condition.
2023-11-06 18:11:09,874 [WARN] IP:2114 - RxFifo0ElmtSize not found: check if there is a RefParameter without a condition.
2023-11-06 18:11:09,874 [WARN] IP:2114 - RxFifo1ElmtsNbr not found: check if there is a RefParameter without a condition.
2023-11-06 18:11:09,874 [WARN] IP:2114 - RxFifo1ElmtSize not found: check if there is a RefParameter without a condition.
2023-11-06 18:11:09,874 [WARN] IP:2114 - RxBuffersNbr not found: check if there is a RefParameter without a condition.
2023-11-06 18:11:09,874 [WARN] IP:2114 - RxBufferSize not found: check if there is a RefParameter without a condition.
2023-11-06 18:11:09,874 [WARN] IP:2114 - TxEventsNbr not found: check if there is a RefParameter without a condition.
2023-11-06 18:11:09,874 [WARN] IP:2114 - TxBuffersNbr not found: check if there is a RefParameter without a condition.
2023-11-06 18:11:09,874 [WARN] IP:2114 - TxFifoQueueElmtsNbr not found: check if there is a RefParameter without a condition.
2023-11-06 18:11:09,874 [WARN] IP:2114 - TxElmtSize not found: check if there is a RefParameter without a condition.
2023-11-06 18:11:09,874 [WARN] IP:2114 - ClockCalibrationCCU not found: check if there is a RefParameter without a condition.
2023-11-06 18:11:09,874 [WARN] IP:2114 - ClockDividerCCU not found: check if there is a RefParameter without a condition.
2023-11-06 18:11:09,874 [WARN] IP:2114 - MinOscClkPeriodsCCU not found: check if there is a RefParameter without a condition.
2023-11-06 18:11:09,874 [WARN] IP:2114 - TimeQuantaPerBitTimeCCU not found: check if there is a RefParameter without a condition.
2023-11-06 18:11:09,874 [WARN] IP:2114 - WatchdogStartValueCCU not found: check if there is a RefParameter without a condition.
2023-11-06 19:27:39,733 [INFO] Gpio:273 - dependency for GPIO [ADC1, ADC2, DAC1, DAC2, FDCAN1, FDCAN2, I2C3, RCC, SPI3, SYS, USART1]
